TpTrace Verbose: 0 : 24316, 1, 2023/03/05, 23:15:32.595, 5239132572767, vstest.console.dll, Version: 17.4.0-release-20221019-01 Current process architecture: X64
TpTrace Verbose: 0 : 24316, 1, 2023/03/05, 23:15:32.597, 5239132588277, vstest.console.dll, Runtime location: C:\Program Files\dotnet\shared\Microsoft.NETCore.App\7.0.1
TpTrace Verbose: 0 : 24316, 1, 2023/03/05, 23:15:32.601, 5239132627475, vstest.console.dll, ArtifactProcessingPostProcessModeProcessorExecutor.Initialize: ArtifactProcessingMode.Collect
TpTrace Verbose: 0 : 24316, 1, 2023/03/05, 23:15:32.601, 5239132628705, vstest.console.dll, TestSessionCorrelationIdProcessorModeProcessorExecutor.Initialize: TestSessionCorrelationId '31164_7d22dfe4-11b6-4568-ad8f-6b7fdc1aebef'
TpTrace Information: 0 : 24316, 1, 2023/03/05, 23:15:32.607, 5239132694818, vstest.console.dll, FilePatternParser: The given file C:\Study\Console demo\BankSystemApp\BankSystemApp.UnitTest\BankSystemApp.UnitTest\bin\Debug\net6.0\fine-code-coverage\build-output\BankSystemApp.UnitTest.dll is a full path.
TpTrace Verbose: 0 : 24316, 1, 2023/03/05, 23:15:32.613, 5239132752275, vstest.console.dll, TestPluginCache.DiscoverTestExtensions: finding test extensions in assemblies ends with: RuntimeProvider.dll TPluginInfo: Microsoft.VisualStudio.TestPlatform.Common.ExtensionFramework.Utilities.TestRuntimePluginInformation TExtension: Microsoft.VisualStudio.TestPlatform.ObjectModel.Host.ITestRuntimeProvider
TpTrace Verbose: 0 : 24316, 1, 2023/03/05, 23:15:32.613, 5239132753948, vstest.console.dll, TestPluginCache.GetExtensionPaths: Filtered extension paths: 
TpTrace Verbose: 0 : 24316, 1, 2023/03/05, 23:15:32.613, 5239132754625, vstest.console.dll, TestPluginCache.GetExtensionPaths: Added default extension paths: C:\Program Files\dotnet\sdk\7.0.101\Extensions\Microsoft.Diagnostics.NETCore.Client.dll
C:\Program Files\dotnet\sdk\7.0.101\Extensions\Microsoft.TestPlatform.Extensions.BlameDataCollector.dll
C:\Program Files\dotnet\sdk\7.0.101\Extensions\Microsoft.TestPlatform.Extensions.EventLogCollector.dll
C:\Program Files\dotnet\sdk\7.0.101\Extensions\Microsoft.TestPlatform.TestHostRuntimeProvider.dll
C:\Program Files\dotnet\sdk\7.0.101\Extensions\Microsoft.VisualStudio.TestPlatform.Extensions.Html.TestLogger.dll
C:\Program Files\dotnet\sdk\7.0.101\Extensions\Microsoft.VisualStudio.TestPlatform.Extensions.Trx.TestLogger.dll
TpTrace Verbose: 0 : 24316, 1, 2023/03/05, 23:15:32.613, 5239132754932, vstest.console.dll, TestPluginCache.GetExtensionPaths: Added unfilterableExtensionPaths: 
TpTrace Information: 0 : 24316, 1, 2023/03/05, 23:15:32.614, 5239132766210, vstest.console.dll, AssemblyResolver.ctor: Creating AssemblyResolver with searchDirectories C:\Program Files\dotnet\sdk\7.0.101\Extensions,C:\Program Files\dotnet\sdk\7.0.101
TpTrace Verbose: 0 : 24316, 1, 2023/03/05, 23:15:32.617, 5239132793054, vstest.console.dll, TestPluginCache.DiscoverTestExtensions: Discovering the extensions using extension path.
TpTrace Verbose: 0 : 24316, 1, 2023/03/05, 23:15:32.617, 5239132794410, vstest.console.dll, TestPluginCache.GetExtensionPaths: Filtered extension paths: 
TpTrace Verbose: 0 : 24316, 1, 2023/03/05, 23:15:32.617, 5239132795108, vstest.console.dll, TestPluginCache.GetExtensionPaths: Added default extension paths: C:\Program Files\dotnet\sdk\7.0.101\Extensions\Microsoft.Diagnostics.NETCore.Client.dll
C:\Program Files\dotnet\sdk\7.0.101\Extensions\Microsoft.TestPlatform.Extensions.BlameDataCollector.dll
C:\Program Files\dotnet\sdk\7.0.101\Extensions\Microsoft.TestPlatform.Extensions.EventLogCollector.dll
C:\Program Files\dotnet\sdk\7.0.101\Extensions\Microsoft.TestPlatform.TestHostRuntimeProvider.dll
C:\Program Files\dotnet\sdk\7.0.101\Extensions\Microsoft.VisualStudio.TestPlatform.Extensions.Html.TestLogger.dll
C:\Program Files\dotnet\sdk\7.0.101\Extensions\Microsoft.VisualStudio.TestPlatform.Extensions.Trx.TestLogger.dll
TpTrace Verbose: 0 : 24316, 1, 2023/03/05, 23:15:32.617, 5239132795542, vstest.console.dll, TestPluginCache.GetExtensionPaths: Added unfilterableExtensionPaths: 
TpTrace Verbose: 0 : 24316, 1, 2023/03/05, 23:15:32.617, 5239132796564, vstest.console.dll, TestPluginCache.DiscoverTestExtensions: Discovering the extensions using allExtensionPaths: C:\Program Files\dotnet\sdk\7.0.101\Extensions\Microsoft.Diagnostics.NETCore.Client.dll
C:\Program Files\dotnet\sdk\7.0.101\Extensions\Microsoft.TestPlatform.Extensions.BlameDataCollector.dll
C:\Program Files\dotnet\sdk\7.0.101\Extensions\Microsoft.TestPlatform.Extensions.EventLogCollector.dll
C:\Program Files\dotnet\sdk\7.0.101\Extensions\Microsoft.TestPlatform.TestHostRuntimeProvider.dll
C:\Program Files\dotnet\sdk\7.0.101\Extensions\Microsoft.VisualStudio.TestPlatform.Extensions.Html.TestLogger.dll
C:\Program Files\dotnet\sdk\7.0.101\Extensions\Microsoft.VisualStudio.TestPlatform.Extensions.Trx.TestLogger.dll
TpTrace Information: 0 : 24316, 1, 2023/03/05, 23:15:32.618, 5239132798345, vstest.console.dll, AssemblyResolver.AddSearchDirectories: Adding more searchDirectories C:\Program Files\dotnet\sdk\7.0.101\Extensions,C:\Program Files\dotnet\sdk\7.0.101
TpTrace Information: 0 : 24316, 1, 2023/03/05, 23:15:32.618, 5239132798870, vstest.console.dll, AssemblyResolver.AddSearchDirectories: Adding more searchDirectories C:\Program Files\dotnet\sdk\7.0.101\Extensions,C:\Program Files\dotnet\sdk\7.0.101
TpTrace Information: 0 : 24316, 1, 2023/03/05, 23:15:32.618, 5239132799188, vstest.console.dll, AssemblyResolver.AddSearchDirectories: Adding more searchDirectories C:\Program Files\dotnet\sdk\7.0.101\Extensions,C:\Program Files\dotnet\sdk\7.0.101
TpTrace Information: 0 : 24316, 1, 2023/03/05, 23:15:32.618, 5239132799490, vstest.console.dll, AssemblyResolver.AddSearchDirectories: Adding more searchDirectories C:\Program Files\dotnet\sdk\7.0.101\Extensions,C:\Program Files\dotnet\sdk\7.0.101
TpTrace Information: 0 : 24316, 1, 2023/03/05, 23:15:32.618, 5239132799768, vstest.console.dll, AssemblyResolver.AddSearchDirectories: Adding more searchDirectories C:\Program Files\dotnet\sdk\7.0.101\Extensions,C:\Program Files\dotnet\sdk\7.0.101
TpTrace Information: 0 : 24316, 1, 2023/03/05, 23:15:32.618, 5239132800065, vstest.console.dll, AssemblyResolver.AddSearchDirectories: Adding more searchDirectories C:\Program Files\dotnet\sdk\7.0.101\Extensions,C:\Program Files\dotnet\sdk\7.0.101
TpTrace Information: 0 : 24316, 1, 2023/03/05, 23:15:32.618, 5239132803929, vstest.console.dll, AssemblyResolver.OnResolve: Microsoft.Diagnostics.NETCore.Client: Resolving assembly.
TpTrace Information: 0 : 24316, 1, 2023/03/05, 23:15:32.618, 5239132804566, vstest.console.dll, AssemblyResolver.OnResolve: Microsoft.Diagnostics.NETCore.Client: Searching in: 'C:\Program Files\dotnet\sdk\7.0.101\Extensions'.
TpTrace Information: 0 : 24316, 1, 2023/03/05, 23:15:32.627, 5239132887915, vstest.console.dll, AssemblyResolver.OnResolve: Microsoft.Diagnostics.NETCore.Client: Loading assembly 'C:\Program Files\dotnet\sdk\7.0.101\Extensions\Microsoft.Diagnostics.NETCore.Client.dll'.
TpTrace Information: 0 : 24316, 1, 2023/03/05, 23:15:32.628, 5239132897746, vstest.console.dll, AssemblyResolver.OnResolve: Resolved assembly: Microsoft.Diagnostics.NETCore.Client, from path: C:\Program Files\dotnet\sdk\7.0.101\Extensions\Microsoft.Diagnostics.NETCore.Client.dll
TpTrace Verbose: 0 : 24316, 1, 2023/03/05, 23:15:32.629, 5239132907404, vstest.console.dll, MetadataReaderExtensionsHelper: Discovering extensions inside assembly 'Microsoft.Diagnostics.NETCore.Client, Version=0.2.6.42401, Culture=neutral, PublicKeyToken=31bf3856ad364e35' file path 'C:\Program Files\dotnet\sdk\7.0.101\Extensions\Microsoft.Diagnostics.NETCore.Client.dll'
TpTrace Information: 0 : 24316, 1, 2023/03/05, 23:15:32.634, 5239132960176, vstest.console.dll, AssemblyResolver.OnResolve: Microsoft.Bcl.AsyncInterfaces: Resolving assembly.
TpTrace Information: 0 : 24316, 1, 2023/03/05, 23:15:32.634, 5239132960890, vstest.console.dll, AssemblyResolver.OnResolve: Microsoft.Bcl.AsyncInterfaces: Searching in: 'C:\Program Files\dotnet\sdk\7.0.101\Extensions'.
TpTrace Information: 0 : 24316, 1, 2023/03/05, 23:15:32.634, 5239132961712, vstest.console.dll, AssemblyResolver.OnResolve: Microsoft.Bcl.AsyncInterfaces: Assembly path does not exist: 'C:\Program Files\dotnet\sdk\7.0.101\Extensions\Microsoft.Bcl.AsyncInterfaces.dll', returning.
TpTrace Information: 0 : 24316, 1, 2023/03/05, 23:15:32.634, 5239132962783, vstest.console.dll, AssemblyResolver.OnResolve: Microsoft.Bcl.AsyncInterfaces: Assembly path does not exist: 'C:\Program Files\dotnet\sdk\7.0.101\Extensions\Microsoft.Bcl.AsyncInterfaces.exe', returning.
TpTrace Information: 0 : 24316, 1, 2023/03/05, 23:15:32.634, 5239132963094, vstest.console.dll, AssemblyResolver.OnResolve: Microsoft.Bcl.AsyncInterfaces: Searching in: 'C:\Program Files\dotnet\sdk\7.0.101'.
TpTrace Information: 0 : 24316, 1, 2023/03/05, 23:15:32.634, 5239132963695, vstest.console.dll, AssemblyResolver.OnResolve: Microsoft.Bcl.AsyncInterfaces: Assembly path does not exist: 'C:\Program Files\dotnet\sdk\7.0.101\Microsoft.Bcl.AsyncInterfaces.dll', returning.
TpTrace Information: 0 : 24316, 1, 2023/03/05, 23:15:32.634, 5239132964362, vstest.console.dll, AssemblyResolver.OnResolve: Microsoft.Bcl.AsyncInterfaces: Assembly path does not exist: 'C:\Program Files\dotnet\sdk\7.0.101\Microsoft.Bcl.AsyncInterfaces.exe', returning.
TpTrace Information: 0 : 24316, 1, 2023/03/05, 23:15:32.634, 5239132964631, vstest.console.dll, AssemblyResolver.OnResolve: Microsoft.Bcl.AsyncInterfaces: Failed to load assembly.
TpTrace Verbose: 0 : 24316, 1, 2023/03/05, 23:15:32.634, 5239132964959, vstest.console.dll, CurrentDomainAssemblyResolve: Resolving assembly 'Microsoft.Bcl.AsyncInterfaces'.
TpTrace Information: 0 : 24316, 1, 2023/03/05, 23:15:32.634, 5239132965692, vstest.console.dll, AssemblyResolver.OnResolve: Microsoft.Bcl.AsyncInterfaces: Resolving assembly.
TpTrace Information: 0 : 24316, 1, 2023/03/05, 23:15:32.634, 5239132966041, vstest.console.dll, AssemblyResolver.OnResolve: Microsoft.Bcl.AsyncInterfaces: Resolved from cache.
TpTrace Verbose: 0 : 24316, 1, 2023/03/05, 23:15:32.634, 5239132966427, vstest.console.dll, CurrentDomainAssemblyResolve: Resolving assembly 'Microsoft.Bcl.AsyncInterfaces'.
TpTrace Verbose: 0 : 24316, 1, 2023/03/05, 23:15:32.634, 5239132966697, vstest.console.dll, CurrentDomainAssemblyResolve: Failed to resolve assembly 'Microsoft.Bcl.AsyncInterfaces'.
TpTrace Verbose: 0 : 24316, 1, 2023/03/05, 23:15:32.637, 5239132996596, vstest.console.dll, CurrentDomainAssemblyResolve: Failed to resolve assembly 'Microsoft.Bcl.AsyncInterfaces'.
TpTrace Warning: 0 : 24316, 1, 2023/03/05, 23:15:32.644, 5239133061966, vstest.console.dll, TestPluginDiscoverer: Failed to get types from assembly 'Microsoft.Diagnostics.NETCore.Client, Version=0.2.6.42401, Culture=neutral, PublicKeyToken=31bf3856ad364e35'. Error: System.Reflection.ReflectionTypeLoadException: Unable to load one or more of the requested types.
Could not load file or assembly 'Microsoft.Bcl.AsyncInterfaces, Version=1.0.0.0, Culture=neutral, PublicKeyToken=cc7b13ffcd2ddd51'. The system cannot find the file specified.
   at System.Reflection.RuntimeModule.GetTypes(RuntimeModule module)
   at System.Reflection.Assembly.GetTypes()
   at Microsoft.VisualStudio.TestPlatform.Common.ExtensionFramework.TestPluginDiscoverer.GetTestExtensionsFromAssembly[TPluginInfo,TExtension](Assembly assembly, Dictionary`2 pluginInfos, String filePath)
System.IO.FileNotFoundException: Could not load file or assembly 'Microsoft.Bcl.AsyncInterfaces, Version=1.0.0.0, Culture=neutral, PublicKeyToken=cc7b13ffcd2ddd51'. The system cannot find the file specified.
File name: 'Microsoft.Bcl.AsyncInterfaces, Version=1.0.0.0, Culture=neutral, PublicKeyToken=cc7b13ffcd2ddd51'
 ---> System.IO.FileNotFoundException: Could not load file or assembly 'Microsoft.Bcl.AsyncInterfaces, Culture=neutral, PublicKeyToken=null'. The system cannot find the file specified.
File name: 'Microsoft.Bcl.AsyncInterfaces, Culture=neutral, PublicKeyToken=null'
   at System.Reflection.RuntimeAssembly.InternalLoad(AssemblyName assemblyName, StackCrawlMark& stackMark, AssemblyLoadContext assemblyLoadContext, RuntimeAssembly requestingAssembly, Boolean throwOnFileNotFound)
   at System.Reflection.Assembly.Load(AssemblyName assemblyRef)
   at Microsoft.VisualStudio.TestPlatform.Common.ExtensionFramework.TestPluginCache.CurrentDomainAssemblyResolve(Object sender, AssemblyResolveEventArgs args)
   at System.Runtime.Loader.AssemblyLoadContext.GetFirstResolvedAssemblyFromResolvingEvent(AssemblyName assemblyName)
   at System.Runtime.Loader.AssemblyLoadContext.ResolveUsingEvent(AssemblyName assemblyName)
   at System.Runtime.Loader.AssemblyLoadContext.ResolveUsingResolvingEvent(IntPtr gchManagedAssemblyLoadContext, AssemblyName assemblyName)
TpTrace Warning: 0 : 24316, 1, 2023/03/05, 23:15:32.644, 5239133064987, vstest.console.dll, LoaderExceptions: System.IO.FileNotFoundException: Could not load file or assembly 'Microsoft.Bcl.AsyncInterfaces, Version=1.0.0.0, Culture=neutral, PublicKeyToken=cc7b13ffcd2ddd51'. The system cannot find the file specified.
File name: 'Microsoft.Bcl.AsyncInterfaces, Version=1.0.0.0, Culture=neutral, PublicKeyToken=cc7b13ffcd2ddd51'
 ---> System.IO.FileNotFoundException: Could not load file or assembly 'Microsoft.Bcl.AsyncInterfaces, Culture=neutral, PublicKeyToken=null'. The system cannot find the file specified.
File name: 'Microsoft.Bcl.AsyncInterfaces, Culture=neutral, PublicKeyToken=null'
   at System.Reflection.RuntimeAssembly.InternalLoad(AssemblyName assemblyName, StackCrawlMark& stackMark, AssemblyLoadContext assemblyLoadContext, RuntimeAssembly requestingAssembly, Boolean throwOnFileNotFound)
   at System.Reflection.Assembly.Load(AssemblyName assemblyRef)
   at Microsoft.VisualStudio.TestPlatform.Common.ExtensionFramework.TestPluginCache.CurrentDomainAssemblyResolve(Object sender, AssemblyResolveEventArgs args)
   at System.Runtime.Loader.AssemblyLoadContext.GetFirstResolvedAssemblyFromResolvingEvent(AssemblyName assemblyName)
   at System.Runtime.Loader.AssemblyLoadContext.ResolveUsingEvent(AssemblyName assemblyName)
   at System.Runtime.Loader.AssemblyLoadContext.ResolveUsingResolvingEvent(IntPtr gchManagedAssemblyLoadContext, AssemblyName assemblyName)
TpTrace Information: 0 : 24316, 1, 2023/03/05, 23:15:32.644, 5239133066471, vstest.console.dll, AssemblyResolver.OnResolve: Microsoft.TestPlatform.Extensions.BlameDataCollector: Resolving assembly.
TpTrace Information: 0 : 24316, 1, 2023/03/05, 23:15:32.644, 5239133066870, vstest.console.dll, AssemblyResolver.OnResolve: Microsoft.TestPlatform.Extensions.BlameDataCollector: Searching in: 'C:\Program Files\dotnet\sdk\7.0.101\Extensions'.
TpTrace Information: 0 : 24316, 1, 2023/03/05, 23:15:32.645, 5239133071460, vstest.console.dll, AssemblyResolver.OnResolve: Microsoft.TestPlatform.Extensions.BlameDataCollector: Loading assembly 'C:\Program Files\dotnet\sdk\7.0.101\Extensions\Microsoft.TestPlatform.Extensions.BlameDataCollector.dll'.
TpTrace Information: 0 : 24316, 1, 2023/03/05, 23:15:32.646, 5239133084669, vstest.console.dll, AssemblyResolver.OnResolve: Resolved assembly: Microsoft.TestPlatform.Extensions.BlameDataCollector, from path: C:\Program Files\dotnet\sdk\7.0.101\Extensions\Microsoft.TestPlatform.Extensions.BlameDataCollector.dll
TpTrace Verbose: 0 : 24316, 1, 2023/03/05, 23:15:32.646, 5239133085508, vstest.console.dll, MetadataReaderExtensionsHelper: Discovering extensions inside assembly 'Microsoft.TestPlatform.Extensions.BlameDataCollector, Version=15.0.0.0, Culture=neutral, PublicKeyToken=b03f5f7f11d50a3a' file path 'C:\Program Files\dotnet\sdk\7.0.101\Extensions\Microsoft.TestPlatform.Extensions.BlameDataCollector.dll'
TpTrace Information: 0 : 24316, 1, 2023/03/05, 23:15:32.648, 5239133104220, vstest.console.dll, AssemblyResolver.OnResolve: Microsoft.TestPlatform.Extensions.EventLogCollector: Resolving assembly.
TpTrace Information: 0 : 24316, 1, 2023/03/05, 23:15:32.648, 5239133104796, vstest.console.dll, AssemblyResolver.OnResolve: Microsoft.TestPlatform.Extensions.EventLogCollector: Searching in: 'C:\Program Files\dotnet\sdk\7.0.101\Extensions'.
TpTrace Information: 0 : 24316, 1, 2023/03/05, 23:15:32.649, 5239133109225, vstest.console.dll, AssemblyResolver.OnResolve: Microsoft.TestPlatform.Extensions.EventLogCollector: Loading assembly 'C:\Program Files\dotnet\sdk\7.0.101\Extensions\Microsoft.TestPlatform.Extensions.EventLogCollector.dll'.
TpTrace Information: 0 : 24316, 1, 2023/03/05, 23:15:32.649, 5239133116253, vstest.console.dll, AssemblyResolver.OnResolve: Resolved assembly: Microsoft.TestPlatform.Extensions.EventLogCollector, from path: C:\Program Files\dotnet\sdk\7.0.101\Extensions\Microsoft.TestPlatform.Extensions.EventLogCollector.dll
TpTrace Verbose: 0 : 24316, 1, 2023/03/05, 23:15:32.649, 5239133116852, vstest.console.dll, MetadataReaderExtensionsHelper: Discovering extensions inside assembly 'Microsoft.TestPlatform.Extensions.EventLogCollector, Version=15.0.0.0, Culture=neutral, PublicKeyToken=b03f5f7f11d50a3a' file path 'C:\Program Files\dotnet\sdk\7.0.101\Extensions\Microsoft.TestPlatform.Extensions.EventLogCollector.dll'
TpTrace Information: 0 : 24316, 1, 2023/03/05, 23:15:32.652, 5239133143383, vstest.console.dll, AssemblyResolver.OnResolve: Microsoft.TestPlatform.TestHostRuntimeProvider: Resolving assembly.
TpTrace Information: 0 : 24316, 1, 2023/03/05, 23:15:32.652, 5239133144005, vstest.console.dll, AssemblyResolver.OnResolve: Microsoft.TestPlatform.TestHostRuntimeProvider: Searching in: 'C:\Program Files\dotnet\sdk\7.0.101\Extensions'.
TpTrace Information: 0 : 24316, 1, 2023/03/05, 23:15:32.653, 5239133147909, vstest.console.dll, AssemblyResolver.OnResolve: Microsoft.TestPlatform.TestHostRuntimeProvider: Loading assembly 'C:\Program Files\dotnet\sdk\7.0.101\Extensions\Microsoft.TestPlatform.TestHostRuntimeProvider.dll'.
TpTrace Information: 0 : 24316, 1, 2023/03/05, 23:15:32.654, 5239133157525, vstest.console.dll, AssemblyResolver.OnResolve: Resolved assembly: Microsoft.TestPlatform.TestHostRuntimeProvider, from path: C:\Program Files\dotnet\sdk\7.0.101\Extensions\Microsoft.TestPlatform.TestHostRuntimeProvider.dll
TpTrace Verbose: 0 : 24316, 1, 2023/03/05, 23:15:32.654, 5239133158196, vstest.console.dll, MetadataReaderExtensionsHelper: Discovering extensions inside assembly 'Microsoft.TestPlatform.TestHostRuntimeProvider, Version=15.0.0.0, Culture=neutral, PublicKeyToken=b03f5f7f11d50a3a' file path 'C:\Program Files\dotnet\sdk\7.0.101\Extensions\Microsoft.TestPlatform.TestHostRuntimeProvider.dll'
TpTrace Information: 0 : 24316, 1, 2023/03/05, 23:15:32.655, 5239133172991, vstest.console.dll, GetTestExtensionFromType: Register extension with identifier data 'HostProvider://DefaultTestHost' and type 'Microsoft.VisualStudio.TestPlatform.CrossPlatEngine.Hosting.DefaultTestHostManager, Microsoft.TestPlatform.TestHostRuntimeProvider, Version=15.0.0.0, Culture=neutral, PublicKeyToken=b03f5f7f11d50a3a' inside file 'C:\Program Files\dotnet\sdk\7.0.101\Extensions\Microsoft.TestPlatform.TestHostRuntimeProvider.dll'
TpTrace Information: 0 : 24316, 1, 2023/03/05, 23:15:32.655, 5239133174738, vstest.console.dll, GetTestExtensionFromType: Register extension with identifier data 'HostProvider://DotnetTestHost' and type 'Microsoft.VisualStudio.TestPlatform.CrossPlatEngine.Hosting.DotnetTestHostManager, Microsoft.TestPlatform.TestHostRuntimeProvider, Version=15.0.0.0, Culture=neutral, PublicKeyToken=b03f5f7f11d50a3a' inside file 'C:\Program Files\dotnet\sdk\7.0.101\Extensions\Microsoft.TestPlatform.TestHostRuntimeProvider.dll'
TpTrace Information: 0 : 24316, 1, 2023/03/05, 23:15:32.655, 5239133175596, vstest.console.dll, AssemblyResolver.OnResolve: Microsoft.VisualStudio.TestPlatform.Extensions.Html.TestLogger: Resolving assembly.
TpTrace Information: 0 : 24316, 1, 2023/03/05, 23:15:32.655, 5239133176037, vstest.console.dll, AssemblyResolver.OnResolve: Microsoft.VisualStudio.TestPlatform.Extensions.Html.TestLogger: Searching in: 'C:\Program Files\dotnet\sdk\7.0.101\Extensions'.
TpTrace Information: 0 : 24316, 1, 2023/03/05, 23:15:32.656, 5239133180227, vstest.console.dll, AssemblyResolver.OnResolve: Microsoft.VisualStudio.TestPlatform.Extensions.Html.TestLogger: Loading assembly 'C:\Program Files\dotnet\sdk\7.0.101\Extensions\Microsoft.VisualStudio.TestPlatform.Extensions.Html.TestLogger.dll'.
TpTrace Information: 0 : 24316, 1, 2023/03/05, 23:15:32.657, 5239133188947, vstest.console.dll, AssemblyResolver.OnResolve: Resolved assembly: Microsoft.VisualStudio.TestPlatform.Extensions.Html.TestLogger, from path: C:\Program Files\dotnet\sdk\7.0.101\Extensions\Microsoft.VisualStudio.TestPlatform.Extensions.Html.TestLogger.dll
TpTrace Verbose: 0 : 24316, 1, 2023/03/05, 23:15:32.657, 5239133189578, vstest.console.dll, MetadataReaderExtensionsHelper: Discovering extensions inside assembly 'Microsoft.VisualStudio.TestPlatform.Extensions.Html.TestLogger, Version=15.0.0.0, Culture=neutral, PublicKeyToken=b03f5f7f11d50a3a' file path 'C:\Program Files\dotnet\sdk\7.0.101\Extensions\Microsoft.VisualStudio.TestPlatform.Extensions.Html.TestLogger.dll'
TpTrace Information: 0 : 24316, 1, 2023/03/05, 23:15:32.657, 5239133196242, vstest.console.dll, AssemblyResolver.OnResolve: Microsoft.VisualStudio.TestPlatform.Extensions.Trx.TestLogger: Resolving assembly.
TpTrace Information: 0 : 24316, 1, 2023/03/05, 23:15:32.657, 5239133196686, vstest.console.dll, AssemblyResolver.OnResolve: Microsoft.VisualStudio.TestPlatform.Extensions.Trx.TestLogger: Searching in: 'C:\Program Files\dotnet\sdk\7.0.101\Extensions'.
TpTrace Information: 0 : 24316, 1, 2023/03/05, 23:15:32.658, 5239133200246, vstest.console.dll, AssemblyResolver.OnResolve: Microsoft.VisualStudio.TestPlatform.Extensions.Trx.TestLogger: Loading assembly 'C:\Program Files\dotnet\sdk\7.0.101\Extensions\Microsoft.VisualStudio.TestPlatform.Extensions.Trx.TestLogger.dll'.
TpTrace Information: 0 : 24316, 1, 2023/03/05, 23:15:32.659, 5239133208757, vstest.console.dll, AssemblyResolver.OnResolve: Resolved assembly: Microsoft.VisualStudio.TestPlatform.Extensions.Trx.TestLogger, from path: C:\Program Files\dotnet\sdk\7.0.101\Extensions\Microsoft.VisualStudio.TestPlatform.Extensions.Trx.TestLogger.dll
TpTrace Verbose: 0 : 24316, 1, 2023/03/05, 23:15:32.659, 5239133209340, vstest.console.dll, MetadataReaderExtensionsHelper: Discovering extensions inside assembly 'Microsoft.VisualStudio.TestPlatform.Extensions.Trx.TestLogger, Version=15.0.0.0, Culture=neutral, PublicKeyToken=b03f5f7f11d50a3a' file path 'C:\Program Files\dotnet\sdk\7.0.101\Extensions\Microsoft.VisualStudio.TestPlatform.Extensions.Trx.TestLogger.dll'
TpTrace Verbose: 0 : 24316, 1, 2023/03/05, 23:15:32.660, 5239133218221, vstest.console.dll, TestPluginCache: Discovered the extensions using extension path ''.
TpTrace Verbose: 0 : 24316, 1, 2023/03/05, 23:15:32.660, 5239133218719, vstest.console.dll, TestPluginCache: Discoverers are ''.
TpTrace Verbose: 0 : 24316, 1, 2023/03/05, 23:15:32.660, 5239133218969, vstest.console.dll, TestPluginCache: Executors are ''.
TpTrace Verbose: 0 : 24316, 1, 2023/03/05, 23:15:32.660, 5239133219179, vstest.console.dll, TestPluginCache: Executors2 are ''.
TpTrace Verbose: 0 : 24316, 1, 2023/03/05, 23:15:32.660, 5239133219380, vstest.console.dll, TestPluginCache: Setting providers are ''.
TpTrace Verbose: 0 : 24316, 1, 2023/03/05, 23:15:32.660, 5239133219578, vstest.console.dll, TestPluginCache: Loggers are ''.
TpTrace Verbose: 0 : 24316, 1, 2023/03/05, 23:15:32.660, 5239133220548, vstest.console.dll, TestPluginCache: TestHosts are 'HostProvider://DefaultTestHost,HostProvider://DotnetTestHost'.
TpTrace Verbose: 0 : 24316, 1, 2023/03/05, 23:15:32.660, 5239133220860, vstest.console.dll, TestPluginCache: DataCollectors are ''.
TpTrace Information: 0 : 24316, 1, 2023/03/05, 23:15:32.671, 5239133327981, vstest.console.dll, RunTestsArgumentProcessor:Execute: Test run is starting.
TpTrace Verbose: 0 : 24316, 1, 2023/03/05, 23:15:32.671, 5239133328748, vstest.console.dll, RunTestsArgumentProcessor:Execute: Queuing Test run.
TpTrace Information: 0 : 24316, 1, 2023/03/05, 23:15:32.671, 5239133331006, vstest.console.dll, TestRequestManager.RunTests: run tests started.
TpTrace Information: 0 : 24316, 1, 2023/03/05, 23:15:32.672, 5239133342543, vstest.console.dll, AssemblyMetadataProvider.GetFrameworkName: Determined framework:'.NETCoreApp,Version=v6.0' for source: 'C:\Study\Console demo\BankSystemApp\BankSystemApp.UnitTest\BankSystemApp.UnitTest\bin\Debug\net6.0\fine-code-coverage\build-output\BankSystemApp.UnitTest.dll'
TpTrace Information: 0 : 24316, 1, 2023/03/05, 23:15:32.672, 5239133343904, vstest.console.dll, Determined framework for all sources: .NETCoreApp,Version=v6.0
TpTrace Verbose: 0 : 24316, 1, 2023/03/05, 23:15:32.673, 5239133347051, vstest.console.dll, TestRequestManager.UpdateRunSettingsIfRequired: Default architecture: X64 IsDefaultTargetArchitecture: True, Current process architecture: X64 OperatingSystem: Windows.
TpTrace Information: 0 : 24316, 1, 2023/03/05, 23:15:32.674, 5239133363834, vstest.console.dll, AssemblyMetadataProvider.GetArchitecture: Determined architecture:AnyCPU info for assembly: C:\Study\Console demo\BankSystemApp\BankSystemApp.UnitTest\BankSystemApp.UnitTest\bin\Debug\net6.0\fine-code-coverage\build-output\BankSystemApp.UnitTest.dll
TpTrace Information: 0 : 24316, 1, 2023/03/05, 23:15:32.674, 5239133364299, vstest.console.dll, Determined platform for source 'C:\Study\Console demo\BankSystemApp\BankSystemApp.UnitTest\BankSystemApp.UnitTest\bin\Debug\net6.0\fine-code-coverage\build-output\BankSystemApp.UnitTest.dll' was AnyCPU and it will use the default plaform X64.
TpTrace Information: 0 : 24316, 1, 2023/03/05, 23:15:32.674, 5239133364561, vstest.console.dll, None of the sources provided any runnable platform, using the default platform: X64
TpTrace Information: 0 : 24316, 1, 2023/03/05, 23:15:32.674, 5239133365210, vstest.console.dll, Platform was updated to 'X64'.
TpTrace Information: 0 : 24316, 1, 2023/03/05, 23:15:32.677, 5239133390409, vstest.console.dll, InferRunSettingsHelper.IsTestSettingsEnabled: Unable to navigate to RunSettings/MSTest. Current node: RunSettings
TpTrace Information: 0 : 24316, 1, 2023/03/05, 23:15:32.677, 5239133395089, vstest.console.dll, AssemblyResolver.OnResolve: Microsoft.VisualStudio.TestPlatform.Fakes: Resolving assembly.
TpTrace Information: 0 : 24316, 1, 2023/03/05, 23:15:32.677, 5239133395546, vstest.console.dll, AssemblyResolver.OnResolve: Microsoft.VisualStudio.TestPlatform.Fakes: Searching in: 'C:\Program Files\dotnet\sdk\7.0.101\Extensions'.
TpTrace Information: 0 : 24316, 1, 2023/03/05, 23:15:32.677, 5239133396899, vstest.console.dll, AssemblyResolver.OnResolve: Microsoft.VisualStudio.TestPlatform.Fakes: Assembly path does not exist: 'C:\Program Files\dotnet\sdk\7.0.101\Extensions\Microsoft.VisualStudio.TestPlatform.Fakes.dll', returning.
TpTrace Information: 0 : 24316, 1, 2023/03/05, 23:15:32.678, 5239133397566, vstest.console.dll, AssemblyResolver.OnResolve: Microsoft.VisualStudio.TestPlatform.Fakes: Assembly path does not exist: 'C:\Program Files\dotnet\sdk\7.0.101\Extensions\Microsoft.VisualStudio.TestPlatform.Fakes.exe', returning.
TpTrace Information: 0 : 24316, 1, 2023/03/05, 23:15:32.678, 5239133397884, vstest.console.dll, AssemblyResolver.OnResolve: Microsoft.VisualStudio.TestPlatform.Fakes: Searching in: 'C:\Program Files\dotnet\sdk\7.0.101'.
TpTrace Information: 0 : 24316, 1, 2023/03/05, 23:15:32.678, 5239133398503, vstest.console.dll, AssemblyResolver.OnResolve: Microsoft.VisualStudio.TestPlatform.Fakes: Assembly path does not exist: 'C:\Program Files\dotnet\sdk\7.0.101\Microsoft.VisualStudio.TestPlatform.Fakes.dll', returning.
TpTrace Information: 0 : 24316, 1, 2023/03/05, 23:15:32.678, 5239133399125, vstest.console.dll, AssemblyResolver.OnResolve: Microsoft.VisualStudio.TestPlatform.Fakes: Assembly path does not exist: 'C:\Program Files\dotnet\sdk\7.0.101\Microsoft.VisualStudio.TestPlatform.Fakes.exe', returning.
TpTrace Information: 0 : 24316, 1, 2023/03/05, 23:15:32.678, 5239133399397, vstest.console.dll, AssemblyResolver.OnResolve: Microsoft.VisualStudio.TestPlatform.Fakes: Failed to load assembly.
TpTrace Information: 0 : 24316, 1, 2023/03/05, 23:15:32.678, 5239133401154, vstest.console.dll, Failed to load assembly Microsoft.VisualStudio.TestPlatform.Fakes, Version=17.0.0.0, Culture=neutral. Reason:System.IO.FileNotFoundException: Could not load file or assembly 'Microsoft.VisualStudio.TestPlatform.Fakes, Version=17.0.0.0, Culture=neutral, PublicKeyToken=null'. The system cannot find the file specified.
File name: 'Microsoft.VisualStudio.TestPlatform.Fakes, Version=17.0.0.0, Culture=neutral, PublicKeyToken=null'
   at System.Reflection.RuntimeAssembly.InternalLoad(AssemblyName assemblyName, StackCrawlMark& stackMark, AssemblyLoadContext assemblyLoadContext, RuntimeAssembly requestingAssembly, Boolean throwOnFileNotFound)
   at System.Reflection.Assembly.Load(AssemblyName assemblyRef)
   at Microsoft.VisualStudio.TestPlatform.Common.Utilities.FakesUtilities.LoadTestPlatformAssembly()
TpTrace Verbose: 0 : 24316, 1, 2023/03/05, 23:15:32.681, 5239133430040, vstest.console.dll, TestPluginCache.DiscoverTestExtensions: finding test extensions in assemblies ends with: TestLogger.dll TPluginInfo: Microsoft.VisualStudio.TestPlatform.Common.ExtensionFramework.Utilities.TestLoggerPluginInformation TExtension: Microsoft.VisualStudio.TestPlatform.ObjectModel.Client.ITestLogger
TpTrace Verbose: 0 : 24316, 1, 2023/03/05, 23:15:32.681, 5239133430769, vstest.console.dll, TestPluginCache.GetExtensionPaths: Filtered extension paths: 
TpTrace Verbose: 0 : 24316, 1, 2023/03/05, 23:15:32.681, 5239133431105, vstest.console.dll, TestPluginCache.GetExtensionPaths: Added default extension paths: C:\Program Files\dotnet\sdk\7.0.101\Extensions\Microsoft.Diagnostics.NETCore.Client.dll
C:\Program Files\dotnet\sdk\7.0.101\Extensions\Microsoft.TestPlatform.Extensions.BlameDataCollector.dll
C:\Program Files\dotnet\sdk\7.0.101\Extensions\Microsoft.TestPlatform.Extensions.EventLogCollector.dll
C:\Program Files\dotnet\sdk\7.0.101\Extensions\Microsoft.TestPlatform.TestHostRuntimeProvider.dll
C:\Program Files\dotnet\sdk\7.0.101\Extensions\Microsoft.VisualStudio.TestPlatform.Extensions.Html.TestLogger.dll
C:\Program Files\dotnet\sdk\7.0.101\Extensions\Microsoft.VisualStudio.TestPlatform.Extensions.Trx.TestLogger.dll
TpTrace Verbose: 0 : 24316, 1, 2023/03/05, 23:15:32.681, 5239133431416, vstest.console.dll, TestPluginCache.GetExtensionPaths: Added unfilterableExtensionPaths: 
TpTrace Information: 0 : 24316, 1, 2023/03/05, 23:15:32.681, 5239133432458, vstest.console.dll, AssemblyResolver.AddSearchDirectories: Adding more searchDirectories C:\Program Files\dotnet\sdk\7.0.101\Extensions,C:\Program Files\dotnet\sdk\7.0.101
TpTrace Verbose: 0 : 24316, 1, 2023/03/05, 23:15:32.681, 5239133432889, vstest.console.dll, TestPluginCache.DiscoverTestExtensions: Discovering the extensions using extension path.
TpTrace Verbose: 0 : 24316, 1, 2023/03/05, 23:15:32.681, 5239133433188, vstest.console.dll, TestPluginCache.GetExtensionPaths: Filtered extension paths: 
TpTrace Verbose: 0 : 24316, 1, 2023/03/05, 23:15:32.681, 5239133433422, vstest.console.dll, TestPluginCache.GetExtensionPaths: Added default extension paths: C:\Program Files\dotnet\sdk\7.0.101\Extensions\Microsoft.Diagnostics.NETCore.Client.dll
C:\Program Files\dotnet\sdk\7.0.101\Extensions\Microsoft.TestPlatform.Extensions.BlameDataCollector.dll
C:\Program Files\dotnet\sdk\7.0.101\Extensions\Microsoft.TestPlatform.Extensions.EventLogCollector.dll
C:\Program Files\dotnet\sdk\7.0.101\Extensions\Microsoft.TestPlatform.TestHostRuntimeProvider.dll
C:\Program Files\dotnet\sdk\7.0.101\Extensions\Microsoft.VisualStudio.TestPlatform.Extensions.Html.TestLogger.dll
C:\Program Files\dotnet\sdk\7.0.101\Extensions\Microsoft.VisualStudio.TestPlatform.Extensions.Trx.TestLogger.dll
TpTrace Verbose: 0 : 24316, 1, 2023/03/05, 23:15:32.681, 5239133433680, vstest.console.dll, TestPluginCache.GetExtensionPaths: Added unfilterableExtensionPaths: 
TpTrace Verbose: 0 : 24316, 1, 2023/03/05, 23:15:32.681, 5239133433917, vstest.console.dll, TestPluginCache.DiscoverTestExtensions: Discovering the extensions using allExtensionPaths: C:\Program Files\dotnet\sdk\7.0.101\Extensions\Microsoft.Diagnostics.NETCore.Client.dll
C:\Program Files\dotnet\sdk\7.0.101\Extensions\Microsoft.TestPlatform.Extensions.BlameDataCollector.dll
C:\Program Files\dotnet\sdk\7.0.101\Extensions\Microsoft.TestPlatform.Extensions.EventLogCollector.dll
C:\Program Files\dotnet\sdk\7.0.101\Extensions\Microsoft.TestPlatform.TestHostRuntimeProvider.dll
C:\Program Files\dotnet\sdk\7.0.101\Extensions\Microsoft.VisualStudio.TestPlatform.Extensions.Html.TestLogger.dll
C:\Program Files\dotnet\sdk\7.0.101\Extensions\Microsoft.VisualStudio.TestPlatform.Extensions.Trx.TestLogger.dll
TpTrace Information: 0 : 24316, 1, 2023/03/05, 23:15:32.681, 5239133434702, vstest.console.dll, AssemblyResolver.AddSearchDirectories: Adding more searchDirectories C:\Program Files\dotnet\sdk\7.0.101\Extensions,C:\Program Files\dotnet\sdk\7.0.101
TpTrace Information: 0 : 24316, 1, 2023/03/05, 23:15:32.681, 5239133435033, vstest.console.dll, AssemblyResolver.AddSearchDirectories: Adding more searchDirectories C:\Program Files\dotnet\sdk\7.0.101\Extensions,C:\Program Files\dotnet\sdk\7.0.101
TpTrace Information: 0 : 24316, 1, 2023/03/05, 23:15:32.681, 5239133435302, vstest.console.dll, AssemblyResolver.AddSearchDirectories: Adding more searchDirectories C:\Program Files\dotnet\sdk\7.0.101\Extensions,C:\Program Files\dotnet\sdk\7.0.101
TpTrace Information: 0 : 24316, 1, 2023/03/05, 23:15:32.681, 5239133435792, vstest.console.dll, AssemblyResolver.AddSearchDirectories: Adding more searchDirectories C:\Program Files\dotnet\sdk\7.0.101\Extensions,C:\Program Files\dotnet\sdk\7.0.101
TpTrace Information: 0 : 24316, 1, 2023/03/05, 23:15:32.681, 5239133436201, vstest.console.dll, AssemblyResolver.AddSearchDirectories: Adding more searchDirectories C:\Program Files\dotnet\sdk\7.0.101\Extensions,C:\Program Files\dotnet\sdk\7.0.101
TpTrace Information: 0 : 24316, 1, 2023/03/05, 23:15:32.681, 5239133436436, vstest.console.dll, AssemblyResolver.AddSearchDirectories: Adding more searchDirectories C:\Program Files\dotnet\sdk\7.0.101\Extensions,C:\Program Files\dotnet\sdk\7.0.101
TpTrace Verbose: 0 : 24316, 1, 2023/03/05, 23:15:32.682, 5239133437272, vstest.console.dll, MetadataReaderExtensionsHelper: Discovering extensions inside assembly 'Microsoft.Diagnostics.NETCore.Client, Version=0.2.6.42401, Culture=neutral, PublicKeyToken=31bf3856ad364e35' file path 'C:\Program Files\dotnet\sdk\7.0.101\Extensions\Microsoft.Diagnostics.NETCore.Client.dll'
TpTrace Information: 0 : 24316, 1, 2023/03/05, 23:15:32.682, 5239133444410, vstest.console.dll, AssemblyResolver.OnResolve: Microsoft.Bcl.AsyncInterfaces: Resolving assembly.
TpTrace Information: 0 : 24316, 1, 2023/03/05, 23:15:32.682, 5239133444870, vstest.console.dll, AssemblyResolver.OnResolve: Microsoft.Bcl.AsyncInterfaces: Resolved from cache.
TpTrace Verbose: 0 : 24316, 1, 2023/03/05, 23:15:32.682, 5239133445125, vstest.console.dll, CurrentDomainAssemblyResolve: Resolving assembly 'Microsoft.Bcl.AsyncInterfaces'.
TpTrace Information: 0 : 24316, 1, 2023/03/05, 23:15:32.682, 5239133445496, vstest.console.dll, AssemblyResolver.OnResolve: Microsoft.Bcl.AsyncInterfaces: Resolving assembly.
TpTrace Information: 0 : 24316, 1, 2023/03/05, 23:15:32.682, 5239133445787, vstest.console.dll, AssemblyResolver.OnResolve: Microsoft.Bcl.AsyncInterfaces: Resolved from cache.
TpTrace Verbose: 0 : 24316, 1, 2023/03/05, 23:15:32.682, 5239133446012, vstest.console.dll, CurrentDomainAssemblyResolve: Resolving assembly 'Microsoft.Bcl.AsyncInterfaces'.
TpTrace Verbose: 0 : 24316, 1, 2023/03/05, 23:15:32.682, 5239133446226, vstest.console.dll, CurrentDomainAssemblyResolve: Failed to resolve assembly 'Microsoft.Bcl.AsyncInterfaces'.
TpTrace Verbose: 0 : 24316, 1, 2023/03/05, 23:15:32.683, 5239133447229, vstest.console.dll, CurrentDomainAssemblyResolve: Failed to resolve assembly 'Microsoft.Bcl.AsyncInterfaces'.
TpTrace Warning: 0 : 24316, 1, 2023/03/05, 23:15:32.683, 5239133449455, vstest.console.dll, TestPluginDiscoverer: Failed to get types from assembly 'Microsoft.Diagnostics.NETCore.Client, Version=0.2.6.42401, Culture=neutral, PublicKeyToken=31bf3856ad364e35'. Error: System.Reflection.ReflectionTypeLoadException: Unable to load one or more of the requested types.
Could not load file or assembly 'Microsoft.Bcl.AsyncInterfaces, Version=1.0.0.0, Culture=neutral, PublicKeyToken=cc7b13ffcd2ddd51'. The system cannot find the file specified.
   at System.Reflection.RuntimeModule.GetTypes(RuntimeModule module)
   at System.Reflection.Assembly.GetTypes()
   at Microsoft.VisualStudio.TestPlatform.Common.ExtensionFramework.TestPluginDiscoverer.GetTestExtensionsFromAssembly[TPluginInfo,TExtension](Assembly assembly, Dictionary`2 pluginInfos, String filePath)
System.IO.FileNotFoundException: Could not load file or assembly 'Microsoft.Bcl.AsyncInterfaces, Version=1.0.0.0, Culture=neutral, PublicKeyToken=cc7b13ffcd2ddd51'. The system cannot find the file specified.
File name: 'Microsoft.Bcl.AsyncInterfaces, Version=1.0.0.0, Culture=neutral, PublicKeyToken=cc7b13ffcd2ddd51'
 ---> System.IO.FileNotFoundException: Could not load file or assembly 'Microsoft.Bcl.AsyncInterfaces, Culture=neutral, PublicKeyToken=null'. The system cannot find the file specified.
File name: 'Microsoft.Bcl.AsyncInterfaces, Culture=neutral, PublicKeyToken=null'
   at System.Reflection.RuntimeAssembly.InternalLoad(AssemblyName assemblyName, StackCrawlMark& stackMark, AssemblyLoadContext assemblyLoadContext, RuntimeAssembly requestingAssembly, Boolean throwOnFileNotFound)
   at System.Reflection.Assembly.Load(AssemblyName assemblyRef)
   at Microsoft.VisualStudio.TestPlatform.Common.ExtensionFramework.TestPluginCache.CurrentDomainAssemblyResolve(Object sender, AssemblyResolveEventArgs args)
   at System.Runtime.Loader.AssemblyLoadContext.GetFirstResolvedAssemblyFromResolvingEvent(AssemblyName assemblyName)
   at System.Runtime.Loader.AssemblyLoadContext.ResolveUsingEvent(AssemblyName assemblyName)
   at System.Runtime.Loader.AssemblyLoadContext.ResolveUsingResolvingEvent(IntPtr gchManagedAssemblyLoadContext, AssemblyName assemblyName)
TpTrace Warning: 0 : 24316, 1, 2023/03/05, 23:15:32.683, 5239133450567, vstest.console.dll, LoaderExceptions: System.IO.FileNotFoundException: Could not load file or assembly 'Microsoft.Bcl.AsyncInterfaces, Version=1.0.0.0, Culture=neutral, PublicKeyToken=cc7b13ffcd2ddd51'. The system cannot find the file specified.
File name: 'Microsoft.Bcl.AsyncInterfaces, Version=1.0.0.0, Culture=neutral, PublicKeyToken=cc7b13ffcd2ddd51'
 ---> System.IO.FileNotFoundException: Could not load file or assembly 'Microsoft.Bcl.AsyncInterfaces, Culture=neutral, PublicKeyToken=null'. The system cannot find the file specified.
File name: 'Microsoft.Bcl.AsyncInterfaces, Culture=neutral, PublicKeyToken=null'
   at System.Reflection.RuntimeAssembly.InternalLoad(AssemblyName assemblyName, StackCrawlMark& stackMark, AssemblyLoadContext assemblyLoadContext, RuntimeAssembly requestingAssembly, Boolean throwOnFileNotFound)
   at System.Reflection.Assembly.Load(AssemblyName assemblyRef)
   at Microsoft.VisualStudio.TestPlatform.Common.ExtensionFramework.TestPluginCache.CurrentDomainAssemblyResolve(Object sender, AssemblyResolveEventArgs args)
   at System.Runtime.Loader.AssemblyLoadContext.GetFirstResolvedAssemblyFromResolvingEvent(AssemblyName assemblyName)
   at System.Runtime.Loader.AssemblyLoadContext.ResolveUsingEvent(AssemblyName assemblyName)
   at System.Runtime.Loader.AssemblyLoadContext.ResolveUsingResolvingEvent(IntPtr gchManagedAssemblyLoadContext, AssemblyName assemblyName)
TpTrace Verbose: 0 : 24316, 1, 2023/03/05, 23:15:32.683, 5239133451147, vstest.console.dll, MetadataReaderExtensionsHelper: Discovering extensions inside assembly 'Microsoft.TestPlatform.Extensions.BlameDataCollector, Version=15.0.0.0, Culture=neutral, PublicKeyToken=b03f5f7f11d50a3a' file path 'C:\Program Files\dotnet\sdk\7.0.101\Extensions\Microsoft.TestPlatform.Extensions.BlameDataCollector.dll'
TpTrace Information: 0 : 24316, 1, 2023/03/05, 23:15:32.683, 5239133455619, vstest.console.dll, GetTestExtensionFromType: Register extension with identifier data 'logger://Microsoft/TestPlatform/Extensions/Blame/v1' and type 'Microsoft.TestPlatform.Extensions.BlameDataCollector.BlameLogger, Microsoft.TestPlatform.Extensions.BlameDataCollector, Version=15.0.0.0, Culture=neutral, PublicKeyToken=b03f5f7f11d50a3a' inside file 'C:\Program Files\dotnet\sdk\7.0.101\Extensions\Microsoft.TestPlatform.Extensions.BlameDataCollector.dll'
TpTrace Verbose: 0 : 24316, 1, 2023/03/05, 23:15:32.683, 5239133456147, vstest.console.dll, MetadataReaderExtensionsHelper: Discovering extensions inside assembly 'Microsoft.TestPlatform.Extensions.EventLogCollector, Version=15.0.0.0, Culture=neutral, PublicKeyToken=b03f5f7f11d50a3a' file path 'C:\Program Files\dotnet\sdk\7.0.101\Extensions\Microsoft.TestPlatform.Extensions.EventLogCollector.dll'
TpTrace Verbose: 0 : 24316, 1, 2023/03/05, 23:15:32.684, 5239133459536, vstest.console.dll, MetadataReaderExtensionsHelper: Discovering extensions inside assembly 'Microsoft.TestPlatform.TestHostRuntimeProvider, Version=15.0.0.0, Culture=neutral, PublicKeyToken=b03f5f7f11d50a3a' file path 'C:\Program Files\dotnet\sdk\7.0.101\Extensions\Microsoft.TestPlatform.TestHostRuntimeProvider.dll'
TpTrace Verbose: 0 : 24316, 1, 2023/03/05, 23:15:32.684, 5239133464059, vstest.console.dll, MetadataReaderExtensionsHelper: Discovering extensions inside assembly 'Microsoft.VisualStudio.TestPlatform.Extensions.Html.TestLogger, Version=15.0.0.0, Culture=neutral, PublicKeyToken=b03f5f7f11d50a3a' file path 'C:\Program Files\dotnet\sdk\7.0.101\Extensions\Microsoft.VisualStudio.TestPlatform.Extensions.Html.TestLogger.dll'
TpTrace Information: 0 : 24316, 1, 2023/03/05, 23:15:32.685, 5239133469276, vstest.console.dll, GetTestExtensionFromType: Register extension with identifier data 'logger://Microsoft/TestPlatform/HtmlLogger/v1' and type 'Microsoft.VisualStudio.TestPlatform.Extensions.HtmlLogger.HtmlLogger, Microsoft.VisualStudio.TestPlatform.Extensions.Html.TestLogger, Version=15.0.0.0, Culture=neutral, PublicKeyToken=b03f5f7f11d50a3a' inside file 'C:\Program Files\dotnet\sdk\7.0.101\Extensions\Microsoft.VisualStudio.TestPlatform.Extensions.Html.TestLogger.dll'
TpTrace Verbose: 0 : 24316, 1, 2023/03/05, 23:15:32.685, 5239133469805, vstest.console.dll, MetadataReaderExtensionsHelper: Discovering extensions inside assembly 'Microsoft.VisualStudio.TestPlatform.Extensions.Trx.TestLogger, Version=15.0.0.0, Culture=neutral, PublicKeyToken=b03f5f7f11d50a3a' file path 'C:\Program Files\dotnet\sdk\7.0.101\Extensions\Microsoft.VisualStudio.TestPlatform.Extensions.Trx.TestLogger.dll'
TpTrace Information: 0 : 24316, 1, 2023/03/05, 23:15:32.685, 5239133474602, vstest.console.dll, GetTestExtensionFromType: Register extension with identifier data 'logger://Microsoft/TestPlatform/TrxLogger/v1' and type 'Microsoft.VisualStudio.TestPlatform.Extensions.TrxLogger.TrxLogger, Microsoft.VisualStudio.TestPlatform.Extensions.Trx.TestLogger, Version=15.0.0.0, Culture=neutral, PublicKeyToken=b03f5f7f11d50a3a' inside file 'C:\Program Files\dotnet\sdk\7.0.101\Extensions\Microsoft.VisualStudio.TestPlatform.Extensions.Trx.TestLogger.dll'
TpTrace Verbose: 0 : 24316, 1, 2023/03/05, 23:15:32.685, 5239133475345, vstest.console.dll, TestPluginCache: Discovered the extensions using extension path ''.
TpTrace Verbose: 0 : 24316, 1, 2023/03/05, 23:15:32.685, 5239133475728, vstest.console.dll, TestPluginCache: Discoverers are ''.
TpTrace Verbose: 0 : 24316, 1, 2023/03/05, 23:15:32.685, 5239133475949, vstest.console.dll, TestPluginCache: Executors are ''.
TpTrace Verbose: 0 : 24316, 1, 2023/03/05, 23:15:32.685, 5239133476153, vstest.console.dll, TestPluginCache: Executors2 are ''.
TpTrace Verbose: 0 : 24316, 1, 2023/03/05, 23:15:32.685, 5239133476353, vstest.console.dll, TestPluginCache: Setting providers are ''.
TpTrace Verbose: 0 : 24316, 1, 2023/03/05, 23:15:32.685, 5239133476848, vstest.console.dll, TestPluginCache: Loggers are 'logger://Microsoft/TestPlatform/Extensions/Blame/v1,logger://Microsoft/TestPlatform/HtmlLogger/v1,logger://Microsoft/TestPlatform/TrxLogger/v1'.
TpTrace Verbose: 0 : 24316, 1, 2023/03/05, 23:15:32.686, 5239133477225, vstest.console.dll, TestPluginCache: TestHosts are 'HostProvider://DefaultTestHost,HostProvider://DotnetTestHost'.
TpTrace Verbose: 0 : 24316, 1, 2023/03/05, 23:15:32.686, 5239133477496, vstest.console.dll, TestPluginCache: DataCollectors are ''.
TpTrace Information: 0 : 24316, 1, 2023/03/05, 23:15:32.686, 5239133483998, vstest.console.dll, TestPluginManager.CreateTestExtension: Attempting to load test extension: Microsoft.TestPlatform.Extensions.BlameDataCollector.BlameLogger
TpTrace Verbose: 0 : 24316, 1, 2023/03/05, 23:15:32.693, 5239133548679, vstest.console.dll, TestEngine: Initializing Parallel Execution as MaxCpuCount is set to: 1
TpTrace Information: 0 : 24316, 1, 2023/03/05, 23:15:32.694, 5239133562307, vstest.console.dll, TestPluginManager.CreateTestExtension: Attempting to load test extension: Microsoft.VisualStudio.TestPlatform.CrossPlatEngine.Hosting.DefaultTestHostManager
TpTrace Information: 0 : 24316, 1, 2023/03/05, 23:15:32.696, 5239133577108, vstest.console.dll, TestPluginManager.CreateTestExtension: Attempting to load test extension: Microsoft.VisualStudio.TestPlatform.CrossPlatEngine.Hosting.DotnetTestHostManager
TpTrace Information: 0 : 24316, 1, 2023/03/05, 23:15:32.696, 5239133582370, vstest.console.dll, InferRunSettingsHelper.IsTestSettingsEnabled: Unable to navigate to RunSettings/MSTest. Current node: RunSettings
TpTrace Verbose: 0 : 24316, 1, 2023/03/05, 23:15:32.699, 5239133616856, vstest.console.dll, TestEngine.GetExecutionManager: Chosen execution manager 'Microsoft.VisualStudio.TestPlatform.CrossPlatEngine.Client.Parallel.ParallelProxyExecutionManager, Microsoft.TestPlatform.CrossPlatEngine, Version=15.0.0.0, Culture=neutral, PublicKeyToken=b03f5f7f11d50a3a' ParallelLevel '1'.
TpTrace Verbose: 0 : 24316, 1, 2023/03/05, 23:15:32.700, 5239133618200, vstest.console.dll, TestRunRequest.ExecuteAsync: Creating test run request.
TpTrace Verbose: 0 : 24316, 1, 2023/03/05, 23:15:32.700, 5239133620114, vstest.console.dll, TestRunRequest.ExecuteAsync: Starting.
TpTrace Information: 0 : 24316, 1, 2023/03/05, 23:15:32.700, 5239133622548, vstest.console.dll, TestRunRequest.ExecuteAsync: Starting run with settings:TestRunCriteria:
   KeepAlive=False,FrequencyOfRunStatsChangeEvent=10,RunStatsChangeEventTimeout=00:00:01.5000000,TestCaseFilter=,TestExecutorLauncher=
   Settingsxml=<RunSettings>
  <RunConfiguration>
    <ResultsDirectory>C:\Study\Console demo\BankSystemApp\BankSystemApp.UnitTest\BankSystemApp.UnitTest\bin\Debug\net6.0\fine-code-coverage\coverage-tool-output</ResultsDirectory>
    <TargetPlatform>X64</TargetPlatform>
    <TargetFrameworkVersion>.NETCoreApp,Version=v6.0</TargetFrameworkVersion>
    <DesignMode>False</DesignMode>
    <CollectSourceInformation>False</CollectSourceInformation>
  </RunConfiguration>
  <LoggerRunSettings>
    <Loggers>
      <Logger friendlyName="blame" enabled="True" />
      <Logger friendlyName="Console" uri="logger://microsoft/TestPlatform/ConsoleLogger/v1" assemblyQualifiedName="Microsoft.VisualStudio.TestPlatform.CommandLine.Internal.ConsoleLogger, vstest.console, Version=15.0.0.0, Culture=neutral, PublicKeyToken=b03f5f7f11d50a3a" codeBase="C:\Program Files\dotnet\sdk\7.0.101\vstest.console.dll" enabled="True" />
    </Loggers>
  </LoggerRunSettings>
  <DataCollectionRunSettings>
    <DataCollectors>
      <DataCollector friendlyName="blame" enabled="True">
        <Configuration>
          <ResultsDirectory>C:\Study\Console demo\BankSystemApp\BankSystemApp.UnitTest\BankSystemApp.UnitTest\bin\Debug\net6.0\fine-code-coverage\coverage-tool-output</ResultsDirectory>
        </Configuration>
      </DataCollector>
    </DataCollectors>
  </DataCollectionRunSettings>
</RunSettings>

TpTrace Verbose: 0 : 24316, 1, 2023/03/05, 23:15:32.700, 5239133623026, vstest.console.dll, TestRunRequest.ExecuteAsync: Wait for the first run request is over.
TpTrace Verbose: 0 : 24316, 1, 2023/03/05, 23:15:32.700, 5239133625434, vstest.console.dll, MulticastDelegateUtilities.SafeInvoke: TestRun.TestRunStart: Invoking callbacks was skipped because there are no subscribers.
TpTrace Verbose: 0 : 24316, 4, 2023/03/05, 23:15:32.701, 5239133627107, vstest.console.dll, MulticastDelegateUtilities.SafeInvoke: InternalTestLoggerEvents.SendTestRunStart: Invoking callback 1/1 for Microsoft.VisualStudio.TestPlatform.CommandLine.Internal.ConsoleLogger., took 0 ms.
TpTrace Verbose: 0 : 24316, 1, 2023/03/05, 23:15:32.701, 5239133635518, vstest.console.dll, ParallelProxyExecutionManager: Start execution. Total sources: 1
TpTrace Verbose: 0 : 24316, 1, 2023/03/05, 23:15:32.703, 5239133647972, vstest.console.dll, TestRequestSender is acting as server.
TpTrace Verbose: 0 : 24316, 1, 2023/03/05, 23:15:32.704, 5239133658017, vstest.console.dll, DataCollectionRequestSender.InitializeCommunication : Initialize communication. 
TpTrace Information: 0 : 24316, 1, 2023/03/05, 23:15:32.715, 5239133774145, vstest.console.dll, Listening on Endpoint : 127.0.0.1:61580
TpTrace Verbose: 0 : 24316, 1, 2023/03/05, 23:15:32.722, 5239133837821, vstest.console.dll, DotnetDataCollectionLauncher: Adding  --runtimeconfig "C:\Program Files\dotnet\sdk\7.0.101\datacollector.runtimeconfig.json" in args
TpTrace Verbose: 0 : 24316, 1, 2023/03/05, 23:15:32.722, 5239133839229, vstest.console.dll, DotnetDataCollectionLauncher: Adding  --depsfile "C:\Program Files\dotnet\sdk\7.0.101\datacollector.deps.json" in args
TpTrace Verbose: 0 : 24316, 1, 2023/03/05, 23:15:32.722, 5239133840919, vstest.console.dll, DotnetDataCollectionLauncher: Full path of dotnet.exe is C:\Program Files\dotnet\dotnet.exe
TpTrace Information: 0 : 24316, 1, 2023/03/05, 23:15:32.739, 5239134009373, vstest.console.dll, ProxyDataCollectionManager.Initialize: Launched datacollector processId: 43952 port: 61580
TpTrace Information: 0 : 24316, 1, 2023/03/05, 23:15:32.739, 5239134010824, vstest.console.dll, ProxyDataCollectionManager.Initialize: waiting for connection with timeout: 90 seconds
TpTrace Verbose: 0 : 24316, 1, 2023/03/05, 23:15:32.739, 5239134011424, vstest.console.dll, DataCollectionRequestSender.WaitForRequestHandlerConnection : Waiting for connection with timeout: 90000
TpTrace Information: 0 : 24316, 7, 2023/03/05, 23:15:32.926, 5239135880701, vstest.console.dll, Using the buffer size of 16384 bytes
TpTrace Verbose: 0 : 24316, 1, 2023/03/05, 23:15:32.926, 5239135880991, vstest.console.dll, SocketCommunicationManager.WaitForClientConnection took: 186 ms, with 90000 ms timeout, and finished with True.
TpTrace Information: 0 : 24316, 7, 2023/03/05, 23:15:32.926, 5239135882243, vstest.console.dll, Accepted Client request and set the flag
TpTrace Verbose: 0 : 24316, 1, 2023/03/05, 23:15:32.926, 5239135883510, vstest.console.dll, ProxyDataCollectionManager.InvokeDataCollectionServiceAction: Starting.
TpTrace Information: 0 : 24316, 1, 2023/03/05, 23:15:32.926, 5239135884245, vstest.console.dll, ProxyDataCollectionManager.BeforeTestRunStart: Get environment variable and port for datacollector processId: 43952 port: 61580
TpTrace Verbose: 0 : 24316, 1, 2023/03/05, 23:15:32.926, 5239135885094, vstest.console.dll, DataCollectionRequestSender.SendBeforeTestRunStartAndGetResult: Send BeforeTestRunStart message with settingsXml <RunSettings><RunConfiguration><ResultsDirectory>C:\Study\Console demo\BankSystemApp\BankSystemApp.UnitTest\BankSystemApp.UnitTest\bin\Debug\net6.0\fine-code-coverage\coverage-tool-output</ResultsDirectory><TargetPlatform>X64</TargetPlatform><TargetFrameworkVersion>.NETCoreApp,Version=v6.0</TargetFrameworkVersion><DesignMode>False</DesignMode><CollectSourceInformation>False</CollectSourceInformation><TestAdaptersPaths>C:\Program Files\dotnet\sdk\7.0.101\Extensions</TestAdaptersPaths></RunConfiguration><LoggerRunSettings><Loggers><Logger friendlyName="blame" enabled="True" /><Logger friendlyName="Console" uri="logger://microsoft/TestPlatform/ConsoleLogger/v1" assemblyQualifiedName="Microsoft.VisualStudio.TestPlatform.CommandLine.Internal.ConsoleLogger, vstest.console, Version=15.0.0.0, Culture=neutral, PublicKeyToken=b03f5f7f11d50a3a" codeBase="C:\Program Files\dotnet\sdk\7.0.101\vstest.console.dll" enabled="True" /></Loggers></LoggerRunSettings><DataCollectionRunSettings><DataCollectors><DataCollector friendlyName="blame" enabled="True"><Configuration><ResultsDirectory>C:\Study\Console demo\BankSystemApp\BankSystemApp.UnitTest\BankSystemApp.UnitTest\bin\Debug\net6.0\fine-code-coverage\coverage-tool-output</ResultsDirectory></Configuration></DataCollector></DataCollectors></DataCollectionRunSettings></RunSettings> and sources System.Collections.Generic.List`1[System.String]: 
TpTrace Verbose: 0 : 24316, 1, 2023/03/05, 23:15:32.993, 5239136556636, vstest.console.dll, DataCollectionRequestSender.SendBeforeTestRunStartAndGetResult: Received message: (DataCollection.SendMessage) -> {"MessageType":"DataCollection.SendMessage","Payload":{"FriendlyName":null,"Uri":null,"TestCaseId":"00000000-0000-0000-0000-000000000000","Message":"Logging DataCollector Diagnostics in file: C:\\Study\\Console demo\\BankSystemApp\\BankSystemApp.UnitTest\\BankSystemApp.UnitTest\\bin\\Debug\\net6.0\\fine-code-coverage\\coverage-tool-output\\diagnostics.datacollector.23-03-05_23-15-32_72185_1.log","Level":0}}
TpTrace Verbose: 0 : 24316, 1, 2023/03/05, 23:15:33.064, 5239137263522, vstest.console.dll, DataCollectionRequestSender.SendBeforeTestRunStartAndGetResult: Received message: (DataCollection.BeforeTestRunStartResult) -> {"MessageType":"DataCollection.BeforeTestRunStartResult","Payload":{"EnvironmentVariables":{},"DataCollectionEventsPort":61582}}
TpTrace Information: 0 : 24316, 1, 2023/03/05, 23:15:33.068, 5239137299829, vstest.console.dll, ProxyDataCollectionManager.BeforeTestRunStart: SendBeforeTestRunStartAndGetResult successful, env variable from datacollector:   and testhost port: 61582
TpTrace Information: 0 : 24316, 1, 2023/03/05, 23:15:33.068, 5239137300424, vstest.console.dll, ProxyDataCollectionManager.InvokeDataCollectionServiceAction: Completed.
TpTrace Verbose: 0 : 24316, 1, 2023/03/05, 23:15:33.068, 5239137301392, vstest.console.dll, ProxyParallelExecutionManager: No sources available for execution.
TpTrace Verbose: 0 : 24316, 7, 2023/03/05, 23:15:33.068, 5239137301599, vstest.console.dll, ParallelProxyExecutionManager: Execution started. Started clients: 1
TpTrace Information: 0 : 24316, 1, 2023/03/05, 23:15:33.068, 5239137301818, vstest.console.dll, TestRunRequest.ExecuteAsync: Started.
TpTrace Verbose: 0 : 24316, 1, 2023/03/05, 23:15:33.068, 5239137302864, vstest.console.dll, TestRunRequest.WaitForCompletion: Waiting with timeout -1.
TpTrace Verbose: 0 : 24316, 7, 2023/03/05, 23:15:33.068, 5239137303518, vstest.console.dll, TestRunRequest:SendTestRunMessage: Starting.
TpTrace Verbose: 0 : 24316, 7, 2023/03/05, 23:15:33.068, 5239137304827, vstest.console.dll, MulticastDelegateUtilities.SafeInvoke: TestRun.LogMessages: Invoking callback 1/1 for Microsoft.VisualStudio.TestPlatform.CommandLine.TestRunResultAggregator., took 0 ms.
TpTrace Information: 0 : 24316, 7, 2023/03/05, 23:15:33.068, 5239137305167, vstest.console.dll, TestRunRequest:SendTestRunMessage: Completed.
TpTrace Verbose: 0 : 24316, 4, 2023/03/05, 23:15:33.068, 5239137306093, vstest.console.dll, MulticastDelegateUtilities.SafeInvoke: InternalTestLoggerEvents.SendTestRunMessage: Invoking callback 1/1 for Microsoft.VisualStudio.TestPlatform.CommandLine.Internal.ConsoleLogger., took 0 ms.
TpTrace Verbose: 0 : 24316, 7, 2023/03/05, 23:15:33.068, 5239137306473, vstest.console.dll, ProxyExecutionManager: Test host is always Lazy initialize.
TpTrace Verbose: 0 : 24316, 7, 2023/03/05, 23:15:33.069, 5239137308597, vstest.console.dll, TestRequestSender.InitializeCommunication: initialize communication. 
TpTrace Information: 0 : 24316, 7, 2023/03/05, 23:15:33.069, 5239137312645, vstest.console.dll, SocketServer.Start: Listening on endpoint : 127.0.0.1:61583
TpTrace Verbose: 0 : 24316, 7, 2023/03/05, 23:15:33.070, 5239137319742, vstest.console.dll, DotnetTestHostmanager.GetTestHostProcessStartInfo: Platform environment 'X64' target architecture 'X64' framework '.NETCoreApp,Version=v6.0' OS 'Windows'
TpTrace Verbose: 0 : 24316, 7, 2023/03/05, 23:15:33.070, 5239137321980, vstest.console.dll, DotnetTestHostmanager: Adding  --runtimeconfig "C:\Study\Console demo\BankSystemApp\BankSystemApp.UnitTest\BankSystemApp.UnitTest\bin\Debug\net6.0\fine-code-coverage\build-output\BankSystemApp.UnitTest.runtimeconfig.json" in args
TpTrace Verbose: 0 : 24316, 7, 2023/03/05, 23:15:33.070, 5239137323102, vstest.console.dll, DotnetTestHostmanager: Adding  --depsfile "C:\Study\Console demo\BankSystemApp\BankSystemApp.UnitTest\BankSystemApp.UnitTest\bin\Debug\net6.0\fine-code-coverage\build-output\BankSystemApp.UnitTest.deps.json" in args
TpTrace Verbose: 0 : 24316, 7, 2023/03/05, 23:15:33.070, 5239137325053, vstest.console.dll, DotnetTestHostmanager.IsWinOnArm: Current PROCESSOR_ARCHITECTURE from environment variable 'AMD64'
TpTrace Verbose: 0 : 24316, 7, 2023/03/05, 23:15:33.070, 5239137325991, vstest.console.dll, DotnetTestHostmanager.IsWinOnArm: Is Windows on ARM 'False'
TpTrace Verbose: 0 : 24316, 7, 2023/03/05, 23:15:33.071, 5239137327387, vstest.console.dll, DotnetTestHostManager: testhost.exe found at path: C:\Study\Console demo\BankSystemApp\BankSystemApp.UnitTest\BankSystemApp.UnitTest\bin\Debug\net6.0\fine-code-coverage\build-output\testhost.exe
TpTrace Verbose: 0 : 24316, 7, 2023/03/05, 23:15:33.071, 5239137327958, vstest.console.dll, DotnetTestHostmanager: Full path of host exe is C:\Study\Console demo\BankSystemApp\BankSystemApp.UnitTest\BankSystemApp.UnitTest\bin\Debug\net6.0\fine-code-coverage\build-output\testhost.exe
TpTrace Verbose: 0 : 24316, 7, 2023/03/05, 23:15:33.071, 5239137329222, vstest.console.dll, DotnetTestHostmanager.LaunchTestHostAsync: Found 'VSTEST_WINAPPHOST_DOTNET_ROOT' in env variables, value 'C:\Program Files\dotnet', forwarding to 'DOTNET_ROOT'
TpTrace Verbose: 0 : 24316, 7, 2023/03/05, 23:15:33.071, 5239137332006, vstest.console.dll, DotnetTestHostManager: Starting process 'C:\Study\Console demo\BankSystemApp\BankSystemApp.UnitTest\BankSystemApp.UnitTest\bin\Debug\net6.0\fine-code-coverage\build-output\testhost.exe' with command line ' --runtimeconfig "C:\Study\Console demo\BankSystemApp\BankSystemApp.UnitTest\BankSystemApp.UnitTest\bin\Debug\net6.0\fine-code-coverage\build-output\BankSystemApp.UnitTest.runtimeconfig.json" --depsfile "C:\Study\Console demo\BankSystemApp\BankSystemApp.UnitTest\BankSystemApp.UnitTest\bin\Debug\net6.0\fine-code-coverage\build-output\BankSystemApp.UnitTest.deps.json" --port 61583 --endpoint 127.0.0.1:061583 --role client --parentprocessid 24316 --diag "C:\Study\Console demo\BankSystemApp\BankSystemApp.UnitTest\BankSystemApp.UnitTest\bin\Debug\net6.0\fine-code-coverage\coverage-tool-output\diagnostics.host.23-03-05_23-15-33_06994_7.log" --tracelevel 4 --datacollectionport 61582 --telemetryoptedin false'
TpTrace Verbose: 0 : 24316, 7, 2023/03/05, 23:15:33.087, 5239137487608, vstest.console.dll, MulticastDelegateUtilities.SafeInvoke: HostProviderEvents.OnHostLaunched: Invoking callback 1/2 for Microsoft.VisualStudio.TestPlatform.CrossPlatEngine.Client.ProxyExecutionManagerWithDataCollection., took 1 ms.
TpTrace Verbose: 0 : 24316, 7, 2023/03/05, 23:15:33.087, 5239137489725, vstest.console.dll, Test Runtime launched
TpTrace Verbose: 0 : 24316, 7, 2023/03/05, 23:15:33.087, 5239137490328, vstest.console.dll, MulticastDelegateUtilities.SafeInvoke: HostProviderEvents.OnHostLaunched: Invoking callback 2/2 for Microsoft.VisualStudio.TestPlatform.CrossPlatEngine.Client.ProxyOperationManager., took 0 ms.
TpTrace Verbose: 0 : 24316, 7, 2023/03/05, 23:15:33.087, 5239137491579, vstest.console.dll, TestRequestSender.WaitForRequestHandlerConnection: waiting for connection with timeout: 90000.
TpTrace Verbose: 0 : 24316, 7, 2023/03/05, 23:15:33.283, 5239139448032, vstest.console.dll, TestRequestSender.WaitForRequestHandlerConnection: waiting took 195 ms, with timeout 90000 ms, and result 0, which is success.
TpTrace Verbose: 0 : 24316, 12, 2023/03/05, 23:15:33.283, 5239139448032, vstest.console.dll, MulticastDelegateUtilities.SafeInvoke: SocketServer: ClientConnected: Invoking callback 1/1 for Microsoft.VisualStudio.TestPlatform.CommunicationUtilities.TestRequestSender., took 0 ms.
TpTrace Verbose: 0 : 24316, 12, 2023/03/05, 23:15:33.283, 5239139449620, vstest.console.dll, SocketServer.OnClientConnected: Client connected for endPoint: 127.0.0.1:61583, starting MessageLoopAsync:
TpTrace Verbose: 0 : 24316, 13, 2023/03/05, 23:15:33.283, 5239139452053, vstest.console.dll, TcpClientExtensions.MessageLoopAsync: Polling on remoteEndPoint: 127.0.0.1:61586 localEndPoint: 127.0.0.1:61583
TpTrace Verbose: 0 : 24316, 7, 2023/03/05, 23:15:33.283, 5239139455942, vstest.console.dll, TestRequestSender.CheckVersionWithTestHost: Sending check version message: {"MessageType":"ProtocolVersion","Payload":7}
TpTrace Verbose: 0 : 24316, 13, 2023/03/05, 23:15:33.399, 5239140607294, vstest.console.dll, TcpClientExtensions.MessageLoopAsync: NotifyDataAvailable remoteEndPoint: 127.0.0.1:61586 localEndPoint: 127.0.0.1:61583
TpTrace Verbose: 0 : 24316, 13, 2023/03/05, 23:15:33.399, 5239140609163, vstest.console.dll, TestRequestSender.CheckVersionWithTestHost: onMessageReceived received message: (ProtocolVersion) -> {"MessageType":"ProtocolVersion","Payload":7}
TpTrace Verbose: 0 : 24316, 13, 2023/03/05, 23:15:33.399, 5239140614082, vstest.console.dll, MulticastDelegateUtilities.SafeInvoke: LengthPrefixCommunicationChannel: MessageReceived: Invoking callback 1/1 for Microsoft.VisualStudio.TestPlatform.CommunicationUtilities.TestRequestSender+<>c__DisplayClass26_0., took 0 ms.
TpTrace Verbose: 0 : 24316, 7, 2023/03/05, 23:15:33.399, 5239140614681, vstest.console.dll, TestPluginCache.GetExtensionPaths: Filtered extension paths: 
TpTrace Verbose: 0 : 24316, 7, 2023/03/05, 23:15:33.399, 5239140615357, vstest.console.dll, TestPluginCache.GetExtensionPaths: Added default extension paths: C:\Program Files\dotnet\sdk\7.0.101\Extensions\Microsoft.Diagnostics.NETCore.Client.dll
C:\Program Files\dotnet\sdk\7.0.101\Extensions\Microsoft.TestPlatform.Extensions.BlameDataCollector.dll
C:\Program Files\dotnet\sdk\7.0.101\Extensions\Microsoft.TestPlatform.Extensions.EventLogCollector.dll
C:\Program Files\dotnet\sdk\7.0.101\Extensions\Microsoft.TestPlatform.TestHostRuntimeProvider.dll
C:\Program Files\dotnet\sdk\7.0.101\Extensions\Microsoft.VisualStudio.TestPlatform.Extensions.Html.TestLogger.dll
C:\Program Files\dotnet\sdk\7.0.101\Extensions\Microsoft.VisualStudio.TestPlatform.Extensions.Trx.TestLogger.dll
TpTrace Verbose: 0 : 24316, 7, 2023/03/05, 23:15:33.399, 5239140615702, vstest.console.dll, TestPluginCache.GetExtensionPaths: Added unfilterableExtensionPaths: 
TpTrace Verbose: 0 : 24316, 13, 2023/03/05, 23:15:33.399, 5239140614805, vstest.console.dll, TcpClientExtensions.MessageLoopAsync: Polling on remoteEndPoint: 127.0.0.1:61586 localEndPoint: 127.0.0.1:61583
TpTrace Verbose: 0 : 24316, 7, 2023/03/05, 23:15:33.403, 5239140655223, vstest.console.dll, TestRequestSender.InitializeExecution: Sending initialize execution with message: {"Version":7,"MessageType":"TestExecution.Initialize","Payload":["C:\\Study\\Console demo\\BankSystemApp\\BankSystemApp.UnitTest\\BankSystemApp.UnitTest\\bin\\Debug\\net6.0\\fine-code-coverage\\build-output\\xunit.runner.visualstudio.dotnetcore.testadapter.dll"]}
TpTrace Warning: 0 : 24316, 7, 2023/03/05, 23:15:33.404, 5239140659522, vstest.console.dll, InferRunSettingsHelper.MakeRunsettingsCompatible: Removing the following settings: TargetPlatform from RunSettings file. To use those settings please move to latest version of Microsoft.NET.Test.Sdk
TpTrace Verbose: 0 : 24316, 13, 2023/03/05, 23:15:33.404, 5239140662790, vstest.console.dll, TcpClientExtensions.MessageLoopAsync: NotifyDataAvailable remoteEndPoint: 127.0.0.1:61586 localEndPoint: 127.0.0.1:61583
TpTrace Verbose: 0 : 24316, 13, 2023/03/05, 23:15:33.404, 5239140666300, vstest.console.dll, TestRequestSender.OnExecutionMessageReceived: Received message: {"Version":7,"MessageType":"TestSession.Message","Payload":{"MessageLevel":0,"Message":"Logging TestHost Diagnostics in file: C:\\Study\\Console demo\\BankSystemApp\\BankSystemApp.UnitTest\\BankSystemApp.UnitTest\\bin\\Debug\\net6.0\\fine-code-coverage\\coverage-tool-output\\diagnostics.host.23-03-05_23-15-33_06994_7.log"}}
TpTrace Verbose: 0 : 24316, 13, 2023/03/05, 23:15:33.407, 5239140690489, vstest.console.dll, TestRunRequest:SendTestRunMessage: Starting.
TpTrace Verbose: 0 : 24316, 13, 2023/03/05, 23:15:33.407, 5239140692630, vstest.console.dll, MulticastDelegateUtilities.SafeInvoke: TestRun.LogMessages: Invoking callback 1/1 for Microsoft.VisualStudio.TestPlatform.CommandLine.TestRunResultAggregator., took 0 ms.
TpTrace Verbose: 0 : 24316, 4, 2023/03/05, 23:15:33.407, 5239140692665, vstest.console.dll, MulticastDelegateUtilities.SafeInvoke: InternalTestLoggerEvents.SendTestRunMessage: Invoking callback 1/1 for Microsoft.VisualStudio.TestPlatform.CommandLine.Internal.ConsoleLogger., took 0 ms.
TpTrace Information: 0 : 24316, 13, 2023/03/05, 23:15:33.407, 5239140693176, vstest.console.dll, TestRunRequest:SendTestRunMessage: Completed.
TpTrace Verbose: 0 : 24316, 13, 2023/03/05, 23:15:33.407, 5239140694147, vstest.console.dll, MulticastDelegateUtilities.SafeInvoke: LengthPrefixCommunicationChannel: MessageReceived: Invoking callback 1/1 for Microsoft.VisualStudio.TestPlatform.CommunicationUtilities.TestRequestSender+<>c__DisplayClass31_0., took 2 ms.
TpTrace Verbose: 0 : 24316, 13, 2023/03/05, 23:15:33.407, 5239140694529, vstest.console.dll, TcpClientExtensions.MessageLoopAsync: Polling on remoteEndPoint: 127.0.0.1:61586 localEndPoint: 127.0.0.1:61583
TpTrace Verbose: 0 : 24316, 7, 2023/03/05, 23:15:33.409, 5239140716914, vstest.console.dll, TestRequestSender.StartTestRun: Sending test run with message: {"Version":7,"MessageType":"TestExecution.StartWithSources","Payload":{"AdapterSourceMap":{"_none_":["C:\\Study\\Console demo\\BankSystemApp\\BankSystemApp.UnitTest\\BankSystemApp.UnitTest\\bin\\Debug\\net6.0\\fine-code-coverage\\build-output\\BankSystemApp.UnitTest.dll"]},"RunSettings":"<RunSettings>\r\n  <RunConfiguration>\r\n    <ResultsDirectory>C:\\Study\\Console demo\\BankSystemApp\\BankSystemApp.UnitTest\\BankSystemApp.UnitTest\\bin\\Debug\\net6.0\\fine-code-coverage\\coverage-tool-output</ResultsDirectory>\r\n    <TargetFrameworkVersion>.NETCoreApp,Version=v6.0</TargetFrameworkVersion>\r\n    <DesignMode>False</DesignMode>\r\n    <CollectSourceInformation>False</CollectSourceInformation>\r\n  </RunConfiguration>\r\n  <LoggerRunSettings>\r\n    <Loggers>\r\n      <Logger friendlyName=\"blame\" enabled=\"True\" />\r\n      <Logger friendlyName=\"Console\" uri=\"logger://microsoft/TestPlatform/ConsoleLogger/v1\" assemblyQualifiedName=\"Microsoft.VisualStudio.TestPlatform.CommandLine.Internal.ConsoleLogger, vstest.console, Version=15.0.0.0, Culture=neutral, PublicKeyToken=b03f5f7f11d50a3a\" codeBase=\"C:\\Program Files\\dotnet\\sdk\\7.0.101\\vstest.console.dll\" enabled=\"True\" />\r\n    </Loggers>\r\n  </LoggerRunSettings>\r\n  <DataCollectionRunSettings>\r\n    <DataCollectors>\r\n      <DataCollector friendlyName=\"blame\" enabled=\"True\">\r\n        <Configuration>\r\n          <ResultsDirectory>C:\\Study\\Console demo\\BankSystemApp\\BankSystemApp.UnitTest\\BankSystemApp.UnitTest\\bin\\Debug\\net6.0\\fine-code-coverage\\coverage-tool-output</ResultsDirectory>\r\n        </Configuration>\r\n      </DataCollector>\r\n    </DataCollectors>\r\n  </DataCollectionRunSettings>\r\n</RunSettings>","TestExecutionContext":{"FrequencyOfRunStatsChangeEvent":10,"RunStatsChangeEventTimeout":"00:00:01.5000000","InIsolation":false,"KeepAlive":false,"AreTestCaseLevelEventsRequired":false,"IsDebug":false,"TestCaseFilter":null,"FilterOptions":null},"Package":null}}
TpTrace Verbose: 0 : 24316, 13, 2023/03/05, 23:15:33.546, 5239142081298, vstest.console.dll, TcpClientExtensions.MessageLoopAsync: NotifyDataAvailable remoteEndPoint: 127.0.0.1:61586 localEndPoint: 127.0.0.1:61583
TpTrace Verbose: 0 : 24316, 13, 2023/03/05, 23:15:33.546, 5239142082771, vstest.console.dll, TestRequestSender.OnExecutionMessageReceived: Received message: {"Version":7,"MessageType":"TestSession.Message","Payload":{"MessageLevel":0,"Message":"[xUnit.net 00:00:00.00] xUnit.net VSTest Adapter v2.4.5+1caef2f33e (64-bit .NET 6.0.12)"}}
TpTrace Verbose: 0 : 24316, 13, 2023/03/05, 23:15:33.546, 5239142085103, vstest.console.dll, TestRunRequest:SendTestRunMessage: Starting.
TpTrace Verbose: 0 : 24316, 13, 2023/03/05, 23:15:33.546, 5239142085954, vstest.console.dll, MulticastDelegateUtilities.SafeInvoke: TestRun.LogMessages: Invoking callback 1/1 for Microsoft.VisualStudio.TestPlatform.CommandLine.TestRunResultAggregator., took 0 ms.
TpTrace Verbose: 0 : 24316, 4, 2023/03/05, 23:15:33.546, 5239142086152, vstest.console.dll, MulticastDelegateUtilities.SafeInvoke: InternalTestLoggerEvents.SendTestRunMessage: Invoking callback 1/1 for Microsoft.VisualStudio.TestPlatform.CommandLine.Internal.ConsoleLogger., took 0 ms.
TpTrace Information: 0 : 24316, 13, 2023/03/05, 23:15:33.546, 5239142086267, vstest.console.dll, TestRunRequest:SendTestRunMessage: Completed.
TpTrace Verbose: 0 : 24316, 13, 2023/03/05, 23:15:33.547, 5239142087044, vstest.console.dll, MulticastDelegateUtilities.SafeInvoke: LengthPrefixCommunicationChannel: MessageReceived: Invoking callback 1/1 for Microsoft.VisualStudio.TestPlatform.CommunicationUtilities.TestRequestSender+<>c__DisplayClass31_0., took 0 ms.
TpTrace Verbose: 0 : 24316, 13, 2023/03/05, 23:15:33.547, 5239142087325, vstest.console.dll, TcpClientExtensions.MessageLoopAsync: Polling on remoteEndPoint: 127.0.0.1:61586 localEndPoint: 127.0.0.1:61583
TpTrace Verbose: 0 : 24316, 13, 2023/03/05, 23:15:34.553, 5239152152188, vstest.console.dll, TcpClientExtensions.MessageLoopAsync: Polling on remoteEndPoint: 127.0.0.1:61586 localEndPoint: 127.0.0.1:61583
TpTrace Verbose: 0 : 24316, 13, 2023/03/05, 23:15:34.838, 5239155005948, vstest.console.dll, TcpClientExtensions.MessageLoopAsync: NotifyDataAvailable remoteEndPoint: 127.0.0.1:61586 localEndPoint: 127.0.0.1:61583
TpTrace Verbose: 0 : 24316, 13, 2023/03/05, 23:15:34.839, 5239155007297, vstest.console.dll, TestRequestSender.OnExecutionMessageReceived: Received message: {"Version":7,"MessageType":"TestSession.Message","Payload":{"MessageLevel":0,"Message":"[xUnit.net 00:00:01.29]   Discovering: BankSystemApp.UnitTest"}}
TpTrace Verbose: 0 : 24316, 13, 2023/03/05, 23:15:34.839, 5239155008599, vstest.console.dll, TestRunRequest:SendTestRunMessage: Starting.
TpTrace Verbose: 0 : 24316, 13, 2023/03/05, 23:15:34.839, 5239155009108, vstest.console.dll, MulticastDelegateUtilities.SafeInvoke: TestRun.LogMessages: Invoking callback 1/1 for Microsoft.VisualStudio.TestPlatform.CommandLine.TestRunResultAggregator., took 0 ms.
TpTrace Information: 0 : 24316, 13, 2023/03/05, 23:15:34.839, 5239155009341, vstest.console.dll, TestRunRequest:SendTestRunMessage: Completed.
TpTrace Verbose: 0 : 24316, 4, 2023/03/05, 23:15:34.839, 5239155009338, vstest.console.dll, MulticastDelegateUtilities.SafeInvoke: InternalTestLoggerEvents.SendTestRunMessage: Invoking callback 1/1 for Microsoft.VisualStudio.TestPlatform.CommandLine.Internal.ConsoleLogger., took 0 ms.
TpTrace Verbose: 0 : 24316, 13, 2023/03/05, 23:15:34.839, 5239155009566, vstest.console.dll, MulticastDelegateUtilities.SafeInvoke: LengthPrefixCommunicationChannel: MessageReceived: Invoking callback 1/1 for Microsoft.VisualStudio.TestPlatform.CommunicationUtilities.TestRequestSender+<>c__DisplayClass31_0., took 0 ms.
TpTrace Verbose: 0 : 24316, 13, 2023/03/05, 23:15:34.839, 5239155010384, vstest.console.dll, TcpClientExtensions.MessageLoopAsync: Polling on remoteEndPoint: 127.0.0.1:61586 localEndPoint: 127.0.0.1:61583
TpTrace Verbose: 0 : 24316, 13, 2023/03/05, 23:15:34.904, 5239155666042, vstest.console.dll, TcpClientExtensions.MessageLoopAsync: NotifyDataAvailable remoteEndPoint: 127.0.0.1:61586 localEndPoint: 127.0.0.1:61583
TpTrace Verbose: 0 : 24316, 13, 2023/03/05, 23:15:34.905, 5239155667112, vstest.console.dll, TestRequestSender.OnExecutionMessageReceived: Received message: {"Version":7,"MessageType":"TestSession.Message","Payload":{"MessageLevel":0,"Message":"[xUnit.net 00:00:01.36]   Discovered:  BankSystemApp.UnitTest"}}
TpTrace Verbose: 0 : 24316, 13, 2023/03/05, 23:15:34.905, 5239155668000, vstest.console.dll, TestRunRequest:SendTestRunMessage: Starting.
TpTrace Verbose: 0 : 24316, 13, 2023/03/05, 23:15:34.905, 5239155668494, vstest.console.dll, MulticastDelegateUtilities.SafeInvoke: TestRun.LogMessages: Invoking callback 1/1 for Microsoft.VisualStudio.TestPlatform.CommandLine.TestRunResultAggregator., took 0 ms.
TpTrace Verbose: 0 : 24316, 4, 2023/03/05, 23:15:34.905, 5239155668697, vstest.console.dll, MulticastDelegateUtilities.SafeInvoke: InternalTestLoggerEvents.SendTestRunMessage: Invoking callback 1/1 for Microsoft.VisualStudio.TestPlatform.CommandLine.Internal.ConsoleLogger., took 0 ms.
TpTrace Information: 0 : 24316, 13, 2023/03/05, 23:15:34.905, 5239155668752, vstest.console.dll, TestRunRequest:SendTestRunMessage: Completed.
TpTrace Verbose: 0 : 24316, 13, 2023/03/05, 23:15:34.905, 5239155670259, vstest.console.dll, MulticastDelegateUtilities.SafeInvoke: LengthPrefixCommunicationChannel: MessageReceived: Invoking callback 1/1 for Microsoft.VisualStudio.TestPlatform.CommunicationUtilities.TestRequestSender+<>c__DisplayClass31_0., took 0 ms.
TpTrace Verbose: 0 : 24316, 13, 2023/03/05, 23:15:34.905, 5239155670513, vstest.console.dll, TcpClientExtensions.MessageLoopAsync: Polling on remoteEndPoint: 127.0.0.1:61586 localEndPoint: 127.0.0.1:61583
TpTrace Verbose: 0 : 24316, 13, 2023/03/05, 23:15:34.906, 5239155685642, vstest.console.dll, TcpClientExtensions.MessageLoopAsync: NotifyDataAvailable remoteEndPoint: 127.0.0.1:61586 localEndPoint: 127.0.0.1:61583
TpTrace Verbose: 0 : 24316, 13, 2023/03/05, 23:15:34.906, 5239155686884, vstest.console.dll, TestRequestSender.OnExecutionMessageReceived: Received message: {"Version":7,"MessageType":"TestSession.Message","Payload":{"MessageLevel":0,"Message":"[xUnit.net 00:00:01.36]   Starting:    BankSystemApp.UnitTest"}}
TpTrace Verbose: 0 : 24316, 13, 2023/03/05, 23:15:34.907, 5239155688190, vstest.console.dll, TestRunRequest:SendTestRunMessage: Starting.
TpTrace Verbose: 0 : 24316, 13, 2023/03/05, 23:15:34.907, 5239155688786, vstest.console.dll, MulticastDelegateUtilities.SafeInvoke: TestRun.LogMessages: Invoking callback 1/1 for Microsoft.VisualStudio.TestPlatform.CommandLine.TestRunResultAggregator., took 0 ms.
TpTrace Verbose: 0 : 24316, 4, 2023/03/05, 23:15:34.907, 5239155688958, vstest.console.dll, MulticastDelegateUtilities.SafeInvoke: InternalTestLoggerEvents.SendTestRunMessage: Invoking callback 1/1 for Microsoft.VisualStudio.TestPlatform.CommandLine.Internal.ConsoleLogger., took 0 ms.
TpTrace Information: 0 : 24316, 13, 2023/03/05, 23:15:34.907, 5239155689029, vstest.console.dll, TestRunRequest:SendTestRunMessage: Completed.
TpTrace Verbose: 0 : 24316, 13, 2023/03/05, 23:15:34.907, 5239155689814, vstest.console.dll, MulticastDelegateUtilities.SafeInvoke: LengthPrefixCommunicationChannel: MessageReceived: Invoking callback 1/1 for Microsoft.VisualStudio.TestPlatform.CommunicationUtilities.TestRequestSender+<>c__DisplayClass31_0., took 0 ms.
TpTrace Verbose: 0 : 24316, 13, 2023/03/05, 23:15:34.907, 5239155690055, vstest.console.dll, TcpClientExtensions.MessageLoopAsync: Polling on remoteEndPoint: 127.0.0.1:61586 localEndPoint: 127.0.0.1:61583
TpTrace Verbose: 0 : 24316, 13, 2023/03/05, 23:15:35.003, 5239156649815, vstest.console.dll, TcpClientExtensions.MessageLoopAsync: NotifyDataAvailable remoteEndPoint: 127.0.0.1:61586 localEndPoint: 127.0.0.1:61583
TpTrace Verbose: 0 : 24316, 13, 2023/03/05, 23:15:35.003, 5239156651604, vstest.console.dll, TestRequestSender.OnExecutionMessageReceived: Received message: {"Version":7,"MessageType":"TestExecution.StatsChange","Payload":{"NewTestResults":[],"TestRunStatistics":{"ExecutedTests":0,"Stats":{}},"ActiveTests":[{"Id":"4722ee98-fbd9-10c4-faa2-633204d70caa","FullyQualifiedName":"BankSystemApp.UnitTest.Tests.UserAccountRepositoryTest.GetAllUserAccountTest","DisplayName":"BankSystemApp.UnitTest.Tests.UserAccountRepositoryTest.GetAllUserAccountTest","ExecutorUri":"executor://xunit/VsTestRunner2/netcoreapp","Source":"C:\\Study\\Console demo\\BankSystemApp\\BankSystemApp.UnitTest\\BankSystemApp.UnitTest\\bin\\Debug\\net6.0\\fine-code-coverage\\build-output\\BankSystemApp.UnitTest.dll","CodeFilePath":null,"LineNumber":0,"Properties":[]},{"Id":"7802700a-81b9-2e0c-ae3c-0b7880a7b070","FullyQualifiedName":"BankSystemApp.UnitTest.Tests.UserControllerTest.PUTTest","DisplayName":"BankSystemApp.UnitTest.Tests.UserControllerTest.PUTTest","ExecutorUri":"executor://xunit/VsTestRunner2/netcoreapp","Source":"C:\\Study\\Console demo\\BankSystemApp\\BankSystemApp.UnitTest\\BankSystemApp.UnitTest\\bin\\Debug\\net6.0\\fine-code-coverage\\build-output\\BankSystemApp.UnitTest.dll","CodeFilePath":null,"LineNumber":0,"Properties":[]},{"Id":"ca128977-cade-c51f-3507-034d6b3adc8b","FullyQualifiedName":"BankSystemApp.UnitTest.Tests.UserAccountServiceTest.WithdrawTest","DisplayName":"BankSystemApp.UnitTest.Tests.UserAccountServiceTest.WithdrawTest","ExecutorUri":"executor://xunit/VsTestRunner2/netcoreapp","Source":"C:\\Study\\Console demo\\BankSystemApp\\BankSystemApp.UnitTest\\BankSystemApp.UnitTest\\bin\\Debug\\net6.0\\fine-code-coverage\\build-output\\BankSystemApp.UnitTest.dll","CodeFilePath":null,"LineNumber":0,"Properties":[]}]}}
TpTrace Verbose: 0 : 24316, 13, 2023/03/05, 23:15:35.015, 5239156771552, vstest.console.dll, TestRunRequest:SendTestRunStatsChange: Starting.
TpTrace Verbose: 0 : 24316, 13, 2023/03/05, 23:15:35.015, 5239156773240, vstest.console.dll, InProgress is BankSystemApp.UnitTest.Tests.UserAccountRepositoryTest.GetAllUserAccountTest
TpTrace Verbose: 0 : 24316, 13, 2023/03/05, 23:15:35.015, 5239156773648, vstest.console.dll, InProgress is BankSystemApp.UnitTest.Tests.UserControllerTest.PUTTest
TpTrace Verbose: 0 : 24316, 13, 2023/03/05, 23:15:35.015, 5239156773849, vstest.console.dll, InProgress is BankSystemApp.UnitTest.Tests.UserAccountServiceTest.WithdrawTest
TpTrace Verbose: 0 : 24316, 13, 2023/03/05, 23:15:35.015, 5239156774803, vstest.console.dll, MulticastDelegateUtilities.SafeInvoke: TestRun.RunStatsChanged: Invoking callbacks was skipped because there are no subscribers.
TpTrace Information: 0 : 24316, 13, 2023/03/05, 23:15:35.015, 5239156775168, vstest.console.dll, TestRunRequest:SendTestRunStatsChange: Completed.
TpTrace Verbose: 0 : 24316, 13, 2023/03/05, 23:15:35.015, 5239156775410, vstest.console.dll, MulticastDelegateUtilities.SafeInvoke: LengthPrefixCommunicationChannel: MessageReceived: Invoking callback 1/1 for Microsoft.VisualStudio.TestPlatform.CommunicationUtilities.TestRequestSender+<>c__DisplayClass31_0., took 12 ms.
TpTrace Verbose: 0 : 24316, 13, 2023/03/05, 23:15:35.015, 5239156775638, vstest.console.dll, TcpClientExtensions.MessageLoopAsync: Polling on remoteEndPoint: 127.0.0.1:61586 localEndPoint: 127.0.0.1:61583
TpTrace Verbose: 0 : 24316, 13, 2023/03/05, 23:15:35.046, 5239157084148, vstest.console.dll, TcpClientExtensions.MessageLoopAsync: NotifyDataAvailable remoteEndPoint: 127.0.0.1:61586 localEndPoint: 127.0.0.1:61583
TpTrace Verbose: 0 : 24316, 13, 2023/03/05, 23:15:35.046, 5239157086226, vstest.console.dll, TestRequestSender.OnExecutionMessageReceived: Received message: {"Version":7,"MessageType":"TestExecution.StatsChange","Payload":{"NewTestResults":[{"TestCase":{"Id":"ca128977-cade-c51f-3507-034d6b3adc8b","FullyQualifiedName":"BankSystemApp.UnitTest.Tests.UserAccountServiceTest.WithdrawTest","DisplayName":"BankSystemApp.UnitTest.Tests.UserAccountServiceTest.WithdrawTest","ExecutorUri":"executor://xunit/VsTestRunner2/netcoreapp","Source":"C:\\Study\\Console demo\\BankSystemApp\\BankSystemApp.UnitTest\\BankSystemApp.UnitTest\\bin\\Debug\\net6.0\\fine-code-coverage\\build-output\\BankSystemApp.UnitTest.dll","CodeFilePath":null,"LineNumber":0,"Properties":[]},"Attachments":[],"Outcome":1,"ErrorMessage":null,"ErrorStackTrace":null,"DisplayName":"BankSystemApp.UnitTest.Tests.UserAccountServiceTest.WithdrawTest(userAccountRepository: Mock<IUserAccountRepository:10>)","Messages":[],"ComputerName":"M5339333","Duration":"00:00:00.0566604","StartTime":"2023-03-05T17:45:35.0119399+00:00","EndTime":"2023-03-05T17:45:35.0119613+00:00","Properties":[]},{"TestCase":{"Id":"7802700a-81b9-2e0c-ae3c-0b7880a7b070","FullyQualifiedName":"BankSystemApp.UnitTest.Tests.UserControllerTest.PUTTest","DisplayName":"BankSystemApp.UnitTest.Tests.UserControllerTest.PUTTest","ExecutorUri":"executor://xunit/VsTestRunner2/netcoreapp","Source":"C:\\Study\\Console demo\\BankSystemApp\\BankSystemApp.UnitTest\\BankSystemApp.UnitTest\\bin\\Debug\\net6.0\\fine-code-coverage\\build-output\\BankSystemApp.UnitTest.dll","CodeFilePath":null,"LineNumber":0,"Properties":[]},"Attachments":[],"Outcome":1,"ErrorMessage":null,"ErrorStackTrace":null,"DisplayName":"BankSystemApp.UnitTest.Tests.UserControllerTest.PUTTest(userAccountService: Mock<IUserAccountService:8>)","Messages":[],"ComputerName":"M5339333","Duration":"00:00:00.0566657","StartTime":"2023-03-05T17:45:35.0267562+00:00","EndTime":"2023-03-05T17:45:35.0267562+00:00","Properties":[]},{"TestCase":{"Id":"c9cd3d1d-420f-354b-f92b-c722b268805f","FullyQualifiedName":"BankSystemApp.UnitTest.Tests.UserAccountServiceTest.WithdrawNegativeTest","DisplayName":"BankSystemApp.UnitTest.Tests.UserAccountServiceTest.WithdrawNegativeTest","ExecutorUri":"executor://xunit/VsTestRunner2/netcoreapp","Source":"C:\\Study\\Console demo\\BankSystemApp\\BankSystemApp.UnitTest\\BankSystemApp.UnitTest\\bin\\Debug\\net6.0\\fine-code-coverage\\build-output\\BankSystemApp.UnitTest.dll","CodeFilePath":null,"LineNumber":0,"Properties":[]},"Attachments":[],"Outcome":1,"ErrorMessage":null,"ErrorStackTrace":null,"DisplayName":"BankSystemApp.UnitTest.Tests.UserAccountServiceTest.WithdrawNegativeTest(userAccountRepository: Mock<IUserAccountRepository:11>)","Messages":[],"ComputerName":"M5339333","Duration":"00:00:00.0024521","StartTime":"2023-03-05T17:45:35.030258+00:00","EndTime":"2023-03-05T17:45:35.0302581+00:00","Properties":[]},{"TestCase":{"Id":"d39a3c95-8172-e6c4-4dc6-a8b7d7b5d129","FullyQualifiedName":"BankSystemApp.UnitTest.Tests.UserControllerTest.GetNULLTest","DisplayName":"BankSystemApp.UnitTest.Tests.UserControllerTest.GetNULLTest","ExecutorUri":"executor://xunit/VsTestRunner2/netcoreapp","Source":"C:\\Study\\Console demo\\BankSystemApp\\BankSystemApp.UnitTest\\BankSystemApp.UnitTest\\bin\\Debug\\net6.0\\fine-code-coverage\\build-output\\BankSystemApp.UnitTest.dll","CodeFilePath":null,"LineNumber":0,"Properties":[]},"Attachments":[],"Outcome":1,"ErrorMessage":null,"ErrorStackTrace":null,"DisplayName":"BankSystemApp.UnitTest.Tests.UserControllerTest.GetNULLTest(userAccountService: Mock<IUserAccountService:9>)","Messages":[],"ComputerName":"M5339333","Duration":"00:00:00.0031507","StartTime":"2023-03-05T17:45:35.0320193+00:00","EndTime":"2023-03-05T17:45:35.0320193+00:00","Properties":[]},{"TestCase":{"Id":"8a848e18-df24-5bbe-7d38-1d8cd6368604","FullyQualifiedName":"BankSystemApp.UnitTest.Tests.UserAccountServiceTest.DepositNegativeTest","DisplayName":"BankSystemApp.UnitTest.Tests.UserAccountServiceTest.DepositNegativeTest","ExecutorUri":"executor://xunit/VsTestRunner2/netcoreapp","Source":"C:\\Study\\Console demo\\BankSystemApp\\BankSystemApp.UnitTest\\BankSystemApp.UnitTest\\bin\\Debug\\net6.0\\fine-code-coverage\\build-output\\BankSystemApp.UnitTest.dll","CodeFilePath":null,"LineNumber":0,"Properties":[]},"Attachments":[],"Outcome":1,"ErrorMessage":null,"ErrorStackTrace":null,"DisplayName":"BankSystemApp.UnitTest.Tests.UserAccountServiceTest.DepositNegativeTest(userAccountRepository: Mock<IUserAccountRepository:12>)","Messages":[],"ComputerName":"M5339333","Duration":"00:00:00.0011157","StartTime":"2023-03-05T17:45:35.0335517+00:00","EndTime":"2023-03-05T17:45:35.0335518+00:00","Properties":[]},{"TestCase":{"Id":"45189a33-d2f9-9469-888e-9df6392353e6","FullyQualifiedName":"BankSystemApp.UnitTest.Tests.UserControllerTest.DeleteTest","DisplayName":"BankSystemApp.UnitTest.Tests.UserControllerTest.DeleteTest","ExecutorUri":"executor://xunit/VsTestRunner2/netcoreapp","Source":"C:\\Study\\Console demo\\BankSystemApp\\BankSystemApp.UnitTest\\BankSystemApp.UnitTest\\bin\\Debug\\net6.0\\fine-code-coverage\\build-output\\BankSystemApp.UnitTest.dll","CodeFilePath":null,"LineNumber":0,"Properties":[]},"Attachments":[],"Outcome":1,"ErrorMessage":null,"ErrorStackTrace":null,"DisplayName":"BankSystemApp.UnitTest.Tests.UserControllerTest.DeleteTest(userAccountService: Mock<IUserAccountService:10>)","Messages":[],"ComputerName":"M5339333","Duration":"00:00:00.0011632","StartTime":"2023-03-05T17:45:35.0350712+00:00","EndTime":"2023-03-05T17:45:35.0350712+00:00","Properties":[]},{"TestCase":{"Id":"0748de55-3855-8af3-70b2-f85fc6ef0659","FullyQualifiedName":"BankSystemApp.UnitTest.Tests.UserAccountServiceTest.DeleteUserAccountTest","DisplayName":"BankSystemApp.UnitTest.Tests.UserAccountServiceTest.DeleteUserAccountTest","ExecutorUri":"executor://xunit/VsTestRunner2/netcoreapp","Source":"C:\\Study\\Console demo\\BankSystemApp\\BankSystemApp.UnitTest\\BankSystemApp.UnitTest\\bin\\Debug\\net6.0\\fine-code-coverage\\build-output\\BankSystemApp.UnitTest.dll","CodeFilePath":null,"LineNumber":0,"Properties":[]},"Attachments":[],"Outcome":1,"ErrorMessage":null,"ErrorStackTrace":null,"DisplayName":"BankSystemApp.UnitTest.Tests.UserAccountServiceTest.DeleteUserAccountTest(userAccountRepository: Mock<IUserAccountRepository:13>)","Messages":[],"ComputerName":"M5339333","Duration":"00:00:00.0007878","StartTime":"2023-03-05T17:45:35.036886+00:00","EndTime":"2023-03-05T17:45:35.036886+00:00","Properties":[]},{"TestCase":{"Id":"a30706ee-4a72-b538-539e-66b19aa8756c","FullyQualifiedName":"BankSystemApp.UnitTest.Tests.UserControllerTest.WithdrawTest","DisplayName":"BankSystemApp.UnitTest.Tests.UserControllerTest.WithdrawTest","ExecutorUri":"executor://xunit/VsTestRunner2/netcoreapp","Source":"C:\\Study\\Console demo\\BankSystemApp\\BankSystemApp.UnitTest\\BankSystemApp.UnitTest\\bin\\Debug\\net6.0\\fine-code-coverage\\build-output\\BankSystemApp.UnitTest.dll","CodeFilePath":null,"LineNumber":0,"Properties":[]},"Attachments":[],"Outcome":1,"ErrorMessage":null,"ErrorStackTrace":null,"DisplayName":"BankSystemApp.UnitTest.Tests.UserControllerTest.WithdrawTest(userAccountService: Mock<IUserAccountService:11>)","Messages":[],"ComputerName":"M5339333","Duration":"00:00:00.0008471","StartTime":"2023-03-05T17:45:35.0391908+00:00","EndTime":"2023-03-05T17:45:35.0391909+00:00","Properties":[]}],"TestRunStatistics":{"ExecutedTests":8,"Stats":{"Passed":8}},"ActiveTests":[{"Id":"6e47306f-311b-4938-13f9-d5c88fedf625","FullyQualifiedName":"BankSystemApp.UnitTest.Tests.UserAccountServiceTest.GetAllUserAccountTest","DisplayName":"BankSystemApp.UnitTest.Tests.UserAccountServiceTest.GetAllUserAccountTest","ExecutorUri":"executor://xunit/VsTestRunner2/netcoreapp","Source":"C:\\Study\\Console demo\\BankSystemApp\\BankSystemApp.UnitTest\\BankSystemApp.UnitTest\\bin\\Debug\\net6.0\\fine-code-coverage\\build-output\\BankSystemApp.UnitTest.dll","CodeFilePath":null,"LineNumber":0,"Properties":[]},{"Id":"82d44424-3129-f434-00c0-2b258c23a2ab","FullyQualifiedName":"BankSystemApp.UnitTest.Tests.UserControllerTest.GetTest","DisplayName":"BankSystemApp.UnitTest.Tests.UserControllerTest.GetTest","ExecutorUri":"executor://xunit/VsTestRunner2/netcoreapp","Source":"C:\\Study\\Console demo\\BankSystemApp\\BankSystemApp.UnitTest\\BankSystemApp.UnitTest\\bin\\Debug\\net6.0\\fine-code-coverage\\build-output\\BankSystemApp.UnitTest.dll","CodeFilePath":null,"LineNumber":0,"Properties":[]}]}}
TpTrace Verbose: 0 : 24316, 13, 2023/03/05, 23:15:35.053, 5239157149328, vstest.console.dll, TestRunRequest:SendTestRunStatsChange: Starting.
TpTrace Verbose: 0 : 24316, 13, 2023/03/05, 23:15:35.053, 5239157149940, vstest.console.dll, InProgress is BankSystemApp.UnitTest.Tests.UserAccountServiceTest.GetAllUserAccountTest
TpTrace Verbose: 0 : 24316, 13, 2023/03/05, 23:15:35.053, 5239157150167, vstest.console.dll, InProgress is BankSystemApp.UnitTest.Tests.UserControllerTest.GetTest
TpTrace Verbose: 0 : 24316, 13, 2023/03/05, 23:15:35.053, 5239157152457, vstest.console.dll, MulticastDelegateUtilities.SafeInvoke: TestRun.RunStatsChanged: Invoking callbacks was skipped because there are no subscribers.
TpTrace Information: 0 : 24316, 13, 2023/03/05, 23:15:35.053, 5239157152850, vstest.console.dll, TestRunRequest:SendTestRunStatsChange: Completed.
TpTrace Verbose: 0 : 24316, 13, 2023/03/05, 23:15:35.053, 5239157153218, vstest.console.dll, MulticastDelegateUtilities.SafeInvoke: LengthPrefixCommunicationChannel: MessageReceived: Invoking callback 1/1 for Microsoft.VisualStudio.TestPlatform.CommunicationUtilities.TestRequestSender+<>c__DisplayClass31_0., took 6 ms.
TpTrace Verbose: 0 : 24316, 13, 2023/03/05, 23:15:35.053, 5239157153482, vstest.console.dll, TcpClientExtensions.MessageLoopAsync: Polling on remoteEndPoint: 127.0.0.1:61586 localEndPoint: 127.0.0.1:61583
TpTrace Verbose: 0 : 24316, 4, 2023/03/05, 23:15:35.056, 5239157179500, vstest.console.dll, MulticastDelegateUtilities.SafeInvoke: InternalTestLoggerEvents.SendTestResult: Invoking callback 1/1 for Microsoft.VisualStudio.TestPlatform.CommandLine.Internal.ConsoleLogger., took 2 ms.
TpTrace Verbose: 0 : 24316, 4, 2023/03/05, 23:15:35.056, 5239157181932, vstest.console.dll, MulticastDelegateUtilities.SafeInvoke: InternalTestLoggerEvents.SendTestResult: Invoking callback 1/1 for Microsoft.VisualStudio.TestPlatform.CommandLine.Internal.ConsoleLogger., took 0 ms.
TpTrace Verbose: 0 : 24316, 4, 2023/03/05, 23:15:35.056, 5239157182487, vstest.console.dll, MulticastDelegateUtilities.SafeInvoke: InternalTestLoggerEvents.SendTestResult: Invoking callback 1/1 for Microsoft.VisualStudio.TestPlatform.CommandLine.Internal.ConsoleLogger., took 0 ms.
TpTrace Verbose: 0 : 24316, 4, 2023/03/05, 23:15:35.056, 5239157183008, vstest.console.dll, MulticastDelegateUtilities.SafeInvoke: InternalTestLoggerEvents.SendTestResult: Invoking callback 1/1 for Microsoft.VisualStudio.TestPlatform.CommandLine.Internal.ConsoleLogger., took 0 ms.
TpTrace Verbose: 0 : 24316, 4, 2023/03/05, 23:15:35.056, 5239157183312, vstest.console.dll, MulticastDelegateUtilities.SafeInvoke: InternalTestLoggerEvents.SendTestResult: Invoking callback 1/1 for Microsoft.VisualStudio.TestPlatform.CommandLine.Internal.ConsoleLogger., took 0 ms.
TpTrace Verbose: 0 : 24316, 4, 2023/03/05, 23:15:35.056, 5239157183730, vstest.console.dll, MulticastDelegateUtilities.SafeInvoke: InternalTestLoggerEvents.SendTestResult: Invoking callback 1/1 for Microsoft.VisualStudio.TestPlatform.CommandLine.Internal.ConsoleLogger., took 0 ms.
TpTrace Verbose: 0 : 24316, 4, 2023/03/05, 23:15:35.056, 5239157184059, vstest.console.dll, MulticastDelegateUtilities.SafeInvoke: InternalTestLoggerEvents.SendTestResult: Invoking callback 1/1 for Microsoft.VisualStudio.TestPlatform.CommandLine.Internal.ConsoleLogger., took 0 ms.
TpTrace Verbose: 0 : 24316, 4, 2023/03/05, 23:15:35.056, 5239157184344, vstest.console.dll, MulticastDelegateUtilities.SafeInvoke: InternalTestLoggerEvents.SendTestResult: Invoking callback 1/1 for Microsoft.VisualStudio.TestPlatform.CommandLine.Internal.ConsoleLogger., took 0 ms.
TpTrace Verbose: 0 : 24316, 13, 2023/03/05, 23:15:35.461, 5239161229418, vstest.console.dll, TcpClientExtensions.MessageLoopAsync: NotifyDataAvailable remoteEndPoint: 127.0.0.1:61586 localEndPoint: 127.0.0.1:61583
TpTrace Verbose: 0 : 24316, 13, 2023/03/05, 23:15:35.461, 5239161231123, vstest.console.dll, TestRequestSender.OnExecutionMessageReceived: Received message: {"Version":7,"MessageType":"TestExecution.StatsChange","Payload":{"NewTestResults":[{"TestCase":{"Id":"6e47306f-311b-4938-13f9-d5c88fedf625","FullyQualifiedName":"BankSystemApp.UnitTest.Tests.UserAccountServiceTest.GetAllUserAccountTest","DisplayName":"BankSystemApp.UnitTest.Tests.UserAccountServiceTest.GetAllUserAccountTest","ExecutorUri":"executor://xunit/VsTestRunner2/netcoreapp","Source":"C:\\Study\\Console demo\\BankSystemApp\\BankSystemApp.UnitTest\\BankSystemApp.UnitTest\\bin\\Debug\\net6.0\\fine-code-coverage\\build-output\\BankSystemApp.UnitTest.dll","CodeFilePath":null,"LineNumber":0,"Properties":[]},"Attachments":[],"Outcome":1,"ErrorMessage":null,"ErrorStackTrace":null,"DisplayName":"BankSystemApp.UnitTest.Tests.UserAccountServiceTest.GetAllUserAccountTest(userAccountRepository: Mock<IUserAccountRepository:14>)","Messages":[],"ComputerName":"M5339333","Duration":"00:00:00.0007789","StartTime":"2023-03-05T17:45:35.047609+00:00","EndTime":"2023-03-05T17:45:35.0476091+00:00","Properties":[]},{"TestCase":{"Id":"82d44424-3129-f434-00c0-2b258c23a2ab","FullyQualifiedName":"BankSystemApp.UnitTest.Tests.UserControllerTest.GetTest","DisplayName":"BankSystemApp.UnitTest.Tests.UserControllerTest.GetTest","ExecutorUri":"executor://xunit/VsTestRunner2/netcoreapp","Source":"C:\\Study\\Console demo\\BankSystemApp\\BankSystemApp.UnitTest\\BankSystemApp.UnitTest\\bin\\Debug\\net6.0\\fine-code-coverage\\build-output\\BankSystemApp.UnitTest.dll","CodeFilePath":null,"LineNumber":0,"Properties":[]},"Attachments":[],"Outcome":1,"ErrorMessage":null,"ErrorStackTrace":null,"DisplayName":"BankSystemApp.UnitTest.Tests.UserControllerTest.GetTest(userAccountService: Mock<IUserAccountService:12>)","Messages":[],"ComputerName":"M5339333","Duration":"00:00:00.0005714","StartTime":"2023-03-05T17:45:35.0492321+00:00","EndTime":"2023-03-05T17:45:35.0492322+00:00","Properties":[]},{"TestCase":{"Id":"7c6227e8-b61a-7927-2c76-3b0ba36ef45a","FullyQualifiedName":"BankSystemApp.UnitTest.Tests.UserControllerTest.DepositTest","DisplayName":"BankSystemApp.UnitTest.Tests.UserControllerTest.DepositTest","ExecutorUri":"executor://xunit/VsTestRunner2/netcoreapp","Source":"C:\\Study\\Console demo\\BankSystemApp\\BankSystemApp.UnitTest\\BankSystemApp.UnitTest\\bin\\Debug\\net6.0\\fine-code-coverage\\build-output\\BankSystemApp.UnitTest.dll","CodeFilePath":null,"LineNumber":0,"Properties":[]},"Attachments":[],"Outcome":1,"ErrorMessage":null,"ErrorStackTrace":null,"DisplayName":"BankSystemApp.UnitTest.Tests.UserControllerTest.DepositTest(userAccountService: Mock<IUserAccountService:13>)","Messages":[],"ComputerName":"M5339333","Duration":"00:00:00.0008871","StartTime":"2023-03-05T17:45:35.0508129+00:00","EndTime":"2023-03-05T17:45:35.050813+00:00","Properties":[]},{"TestCase":{"Id":"8fd84993-8dc5-e7cd-ec93-c70ddca7984e","FullyQualifiedName":"BankSystemApp.UnitTest.Tests.UserAccountServiceTest.CreateUserAccountTest","DisplayName":"BankSystemApp.UnitTest.Tests.UserAccountServiceTest.CreateUserAccountTest","ExecutorUri":"executor://xunit/VsTestRunner2/netcoreapp","Source":"C:\\Study\\Console demo\\BankSystemApp\\BankSystemApp.UnitTest\\BankSystemApp.UnitTest\\bin\\Debug\\net6.0\\fine-code-coverage\\build-output\\BankSystemApp.UnitTest.dll","CodeFilePath":null,"LineNumber":0,"Properties":[]},"Attachments":[],"Outcome":1,"ErrorMessage":null,"ErrorStackTrace":null,"DisplayName":"BankSystemApp.UnitTest.Tests.UserAccountServiceTest.CreateUserAccountTest(userAccountRepository: Mock<IUserAccountRepository:15>)","Messages":[],"ComputerName":"M5339333","Duration":"00:00:00.0014277","StartTime":"2023-03-05T17:45:35.0524997+00:00","EndTime":"2023-03-05T17:45:35.0524997+00:00","Properties":[]},{"TestCase":{"Id":"0caeff76-a2e7-5d1a-f7a1-a872ba0f57a1","FullyQualifiedName":"BankSystemApp.UnitTest.Tests.UserAccountServiceTest.DepositTest","DisplayName":"BankSystemApp.UnitTest.Tests.UserAccountServiceTest.DepositTest","ExecutorUri":"executor://xunit/VsTestRunner2/netcoreapp","Source":"C:\\Study\\Console demo\\BankSystemApp\\BankSystemApp.UnitTest\\BankSystemApp.UnitTest\\bin\\Debug\\net6.0\\fine-code-coverage\\build-output\\BankSystemApp.UnitTest.dll","CodeFilePath":null,"LineNumber":0,"Properties":[]},"Attachments":[],"Outcome":1,"ErrorMessage":null,"ErrorStackTrace":null,"DisplayName":"BankSystemApp.UnitTest.Tests.UserAccountServiceTest.DepositTest(userAccountRepository: Mock<IUserAccountRepository:16>)","Messages":[],"ComputerName":"M5339333","Duration":"00:00:00.0005787","StartTime":"2023-03-05T17:45:35.0540859+00:00","EndTime":"2023-03-05T17:45:35.0540859+00:00","Properties":[]},{"TestCase":{"Id":"fdd8c904-3871-8405-003d-66eca6a39cd9","FullyQualifiedName":"BankSystemApp.UnitTest.Tests.UserControllerTest.PostTest","DisplayName":"BankSystemApp.UnitTest.Tests.UserControllerTest.PostTest","ExecutorUri":"executor://xunit/VsTestRunner2/netcoreapp","Source":"C:\\Study\\Console demo\\BankSystemApp\\BankSystemApp.UnitTest\\BankSystemApp.UnitTest\\bin\\Debug\\net6.0\\fine-code-coverage\\build-output\\BankSystemApp.UnitTest.dll","CodeFilePath":null,"LineNumber":0,"Properties":[]},"Attachments":[],"Outcome":1,"ErrorMessage":null,"ErrorStackTrace":null,"DisplayName":"BankSystemApp.UnitTest.Tests.UserControllerTest.PostTest(userAccountService: Mock<IUserAccountService:14>)","Messages":[],"ComputerName":"M5339333","Duration":"00:00:00.0012985","StartTime":"2023-03-05T17:45:35.0555994+00:00","EndTime":"2023-03-05T17:45:35.0555995+00:00","Properties":[]},{"TestCase":{"Id":"b2199590-e29e-850f-e83a-32daddcf44c5","FullyQualifiedName":"BankSystemApp.UnitTest.Tests.UserAccountServiceTest.WithdrawNegative2Test","DisplayName":"BankSystemApp.UnitTest.Tests.UserAccountServiceTest.WithdrawNegative2Test","ExecutorUri":"executor://xunit/VsTestRunner2/netcoreapp","Source":"C:\\Study\\Console demo\\BankSystemApp\\BankSystemApp.UnitTest\\BankSystemApp.UnitTest\\bin\\Debug\\net6.0\\fine-code-coverage\\build-output\\BankSystemApp.UnitTest.dll","CodeFilePath":null,"LineNumber":0,"Properties":[]},"Attachments":[],"Outcome":1,"ErrorMessage":null,"ErrorStackTrace":null,"DisplayName":"BankSystemApp.UnitTest.Tests.UserAccountServiceTest.WithdrawNegative2Test(userAccountRepository: Mock<IUserAccountRepository:17>)","Messages":[],"ComputerName":"M5339333","Duration":"00:00:00.0009565","StartTime":"2023-03-05T17:45:35.0564658+00:00","EndTime":"2023-03-05T17:45:35.0564659+00:00","Properties":[]},{"TestCase":{"Id":"99a35561-aa1e-7d1e-a150-a35c3a47e6eb","FullyQualifiedName":"BankSystemApp.UnitTest.Tests.UserAccountServiceTest.UpdateUserAccountTest","DisplayName":"BankSystemApp.UnitTest.Tests.UserAccountServiceTest.UpdateUserAccountTest","ExecutorUri":"executor://xunit/VsTestRunner2/netcoreapp","Source":"C:\\Study\\Console demo\\BankSystemApp\\BankSystemApp.UnitTest\\BankSystemApp.UnitTest\\bin\\Debug\\net6.0\\fine-code-coverage\\build-output\\BankSystemApp.UnitTest.dll","CodeFilePath":null,"LineNumber":0,"Properties":[]},"Attachments":[],"Outcome":1,"ErrorMessage":null,"ErrorStackTrace":null,"DisplayName":"BankSystemApp.UnitTest.Tests.UserAccountServiceTest.UpdateUserAccountTest(userAccountRepository: Mock<IUserAccountRepository:18>)","Messages":[],"ComputerName":"M5339333","Duration":"00:00:00.0007917","StartTime":"2023-03-05T17:45:35.0579633+00:00","EndTime":"2023-03-05T17:45:35.0579634+00:00","Properties":[]},{"TestCase":{"Id":"4722ee98-fbd9-10c4-faa2-633204d70caa","FullyQualifiedName":"BankSystemApp.UnitTest.Tests.UserAccountRepositoryTest.GetAllUserAccountTest","DisplayName":"BankSystemApp.UnitTest.Tests.UserAccountRepositoryTest.GetAllUserAccountTest","ExecutorUri":"executor://xunit/VsTestRunner2/netcoreapp","Source":"C:\\Study\\Console demo\\BankSystemApp\\BankSystemApp.UnitTest\\BankSystemApp.UnitTest\\bin\\Debug\\net6.0\\fine-code-coverage\\build-output\\BankSystemApp.UnitTest.dll","CodeFilePath":null,"LineNumber":0,"Properties":[]},"Attachments":[],"Outcome":1,"ErrorMessage":null,"ErrorStackTrace":null,"DisplayName":"BankSystemApp.UnitTest.Tests.UserAccountRepositoryTest.GetAllUserAccountTest","Messages":[],"ComputerName":"M5339333","Duration":"00:00:00.5070299","StartTime":"2023-03-05T17:45:35.4593947+00:00","EndTime":"2023-03-05T17:45:35.4593949+00:00","Properties":[]}],"TestRunStatistics":{"ExecutedTests":17,"Stats":{"Passed":17}},"ActiveTests":[{"Id":"c70d3071-5b11-3789-0801-1d44f323a1cb","FullyQualifiedName":"BankSystemApp.UnitTest.Tests.UserAccountRepositoryTest.GetUserAccountDetailsByIdNegativeTest","DisplayName":"BankSystemApp.UnitTest.Tests.UserAccountRepositoryTest.GetUserAccountDetailsByIdNegativeTest","ExecutorUri":"executor://xunit/VsTestRunner2/netcoreapp","Source":"C:\\Study\\Console demo\\BankSystemApp\\BankSystemApp.UnitTest\\BankSystemApp.UnitTest\\bin\\Debug\\net6.0\\fine-code-coverage\\build-output\\BankSystemApp.UnitTest.dll","CodeFilePath":null,"LineNumber":0,"Properties":[]}]}}
TpTrace Verbose: 0 : 24316, 13, 2023/03/05, 23:15:35.462, 5239161238970, vstest.console.dll, TestRunRequest:SendTestRunStatsChange: Starting.
TpTrace Verbose: 0 : 24316, 13, 2023/03/05, 23:15:35.462, 5239161239490, vstest.console.dll, InProgress is BankSystemApp.UnitTest.Tests.UserAccountRepositoryTest.GetUserAccountDetailsByIdNegativeTest
TpTrace Verbose: 0 : 24316, 13, 2023/03/05, 23:15:35.462, 5239161239875, vstest.console.dll, MulticastDelegateUtilities.SafeInvoke: TestRun.RunStatsChanged: Invoking callbacks was skipped because there are no subscribers.
TpTrace Information: 0 : 24316, 13, 2023/03/05, 23:15:35.462, 5239161240094, vstest.console.dll, TestRunRequest:SendTestRunStatsChange: Completed.
TpTrace Verbose: 0 : 24316, 13, 2023/03/05, 23:15:35.462, 5239161240296, vstest.console.dll, MulticastDelegateUtilities.SafeInvoke: LengthPrefixCommunicationChannel: MessageReceived: Invoking callback 1/1 for Microsoft.VisualStudio.TestPlatform.CommunicationUtilities.TestRequestSender+<>c__DisplayClass31_0., took 0 ms.
TpTrace Verbose: 0 : 24316, 13, 2023/03/05, 23:15:35.462, 5239161240575, vstest.console.dll, TcpClientExtensions.MessageLoopAsync: Polling on remoteEndPoint: 127.0.0.1:61586 localEndPoint: 127.0.0.1:61583
TpTrace Verbose: 0 : 24316, 4, 2023/03/05, 23:15:35.462, 5239161240848, vstest.console.dll, MulticastDelegateUtilities.SafeInvoke: InternalTestLoggerEvents.SendTestResult: Invoking callback 1/1 for Microsoft.VisualStudio.TestPlatform.CommandLine.Internal.ConsoleLogger., took 0 ms.
TpTrace Verbose: 0 : 24316, 4, 2023/03/05, 23:15:35.462, 5239161246933, vstest.console.dll, MulticastDelegateUtilities.SafeInvoke: InternalTestLoggerEvents.SendTestResult: Invoking callback 1/1 for Microsoft.VisualStudio.TestPlatform.CommandLine.Internal.ConsoleLogger., took 0 ms.
TpTrace Verbose: 0 : 24316, 4, 2023/03/05, 23:15:35.463, 5239161247479, vstest.console.dll, MulticastDelegateUtilities.SafeInvoke: InternalTestLoggerEvents.SendTestResult: Invoking callback 1/1 for Microsoft.VisualStudio.TestPlatform.CommandLine.Internal.ConsoleLogger., took 0 ms.
TpTrace Verbose: 0 : 24316, 4, 2023/03/05, 23:15:35.463, 5239161247817, vstest.console.dll, MulticastDelegateUtilities.SafeInvoke: InternalTestLoggerEvents.SendTestResult: Invoking callback 1/1 for Microsoft.VisualStudio.TestPlatform.CommandLine.Internal.ConsoleLogger., took 0 ms.
TpTrace Verbose: 0 : 24316, 4, 2023/03/05, 23:15:35.463, 5239161248087, vstest.console.dll, MulticastDelegateUtilities.SafeInvoke: InternalTestLoggerEvents.SendTestResult: Invoking callback 1/1 for Microsoft.VisualStudio.TestPlatform.CommandLine.Internal.ConsoleLogger., took 0 ms.
TpTrace Verbose: 0 : 24316, 4, 2023/03/05, 23:15:35.463, 5239161248379, vstest.console.dll, MulticastDelegateUtilities.SafeInvoke: InternalTestLoggerEvents.SendTestResult: Invoking callback 1/1 for Microsoft.VisualStudio.TestPlatform.CommandLine.Internal.ConsoleLogger., took 0 ms.
TpTrace Verbose: 0 : 24316, 4, 2023/03/05, 23:15:35.463, 5239161248667, vstest.console.dll, MulticastDelegateUtilities.SafeInvoke: InternalTestLoggerEvents.SendTestResult: Invoking callback 1/1 for Microsoft.VisualStudio.TestPlatform.CommandLine.Internal.ConsoleLogger., took 0 ms.
TpTrace Verbose: 0 : 24316, 4, 2023/03/05, 23:15:35.463, 5239161248914, vstest.console.dll, MulticastDelegateUtilities.SafeInvoke: InternalTestLoggerEvents.SendTestResult: Invoking callback 1/1 for Microsoft.VisualStudio.TestPlatform.CommandLine.Internal.ConsoleLogger., took 0 ms.
TpTrace Verbose: 0 : 24316, 4, 2023/03/05, 23:15:35.463, 5239161249209, vstest.console.dll, MulticastDelegateUtilities.SafeInvoke: InternalTestLoggerEvents.SendTestResult: Invoking callback 1/1 for Microsoft.VisualStudio.TestPlatform.CommandLine.Internal.ConsoleLogger., took 0 ms.
TpTrace Verbose: 0 : 24316, 13, 2023/03/05, 23:15:35.536, 5239161984280, vstest.console.dll, TcpClientExtensions.MessageLoopAsync: NotifyDataAvailable remoteEndPoint: 127.0.0.1:61586 localEndPoint: 127.0.0.1:61583
TpTrace Verbose: 0 : 24316, 13, 2023/03/05, 23:15:35.536, 5239161985173, vstest.console.dll, TestRequestSender.OnExecutionMessageReceived: Received message: {"Version":7,"MessageType":"TestSession.Message","Payload":{"MessageLevel":0,"Message":"[xUnit.net 00:00:01.99]   Finished:    BankSystemApp.UnitTest"}}
TpTrace Verbose: 0 : 24316, 13, 2023/03/05, 23:15:35.536, 5239161986033, vstest.console.dll, TestRunRequest:SendTestRunMessage: Starting.
TpTrace Verbose: 0 : 24316, 13, 2023/03/05, 23:15:35.536, 5239161986496, vstest.console.dll, MulticastDelegateUtilities.SafeInvoke: TestRun.LogMessages: Invoking callback 1/1 for Microsoft.VisualStudio.TestPlatform.CommandLine.TestRunResultAggregator., took 0 ms.
TpTrace Verbose: 0 : 24316, 4, 2023/03/05, 23:15:35.536, 5239161986656, vstest.console.dll, MulticastDelegateUtilities.SafeInvoke: InternalTestLoggerEvents.SendTestRunMessage: Invoking callback 1/1 for Microsoft.VisualStudio.TestPlatform.CommandLine.Internal.ConsoleLogger., took 0 ms.
TpTrace Information: 0 : 24316, 13, 2023/03/05, 23:15:35.536, 5239161986735, vstest.console.dll, TestRunRequest:SendTestRunMessage: Completed.
TpTrace Verbose: 0 : 24316, 13, 2023/03/05, 23:15:35.537, 5239161987451, vstest.console.dll, MulticastDelegateUtilities.SafeInvoke: LengthPrefixCommunicationChannel: MessageReceived: Invoking callback 1/1 for Microsoft.VisualStudio.TestPlatform.CommunicationUtilities.TestRequestSender+<>c__DisplayClass31_0., took 0 ms.
TpTrace Verbose: 0 : 24316, 13, 2023/03/05, 23:15:35.537, 5239161988077, vstest.console.dll, TcpClientExtensions.MessageLoopAsync: Polling on remoteEndPoint: 127.0.0.1:61586 localEndPoint: 127.0.0.1:61583
TpTrace Verbose: 0 : 24316, 13, 2023/03/05, 23:15:35.549, 5239162116345, vstest.console.dll, TcpClientExtensions.MessageLoopAsync: NotifyDataAvailable remoteEndPoint: 127.0.0.1:61586 localEndPoint: 127.0.0.1:61583
TpTrace Verbose: 0 : 24316, 13, 2023/03/05, 23:15:35.550, 5239162117906, vstest.console.dll, TestRequestSender.OnExecutionMessageReceived: Received message: {"Version":7,"MessageType":"TestExecution.Completed","Payload":{"TestRunCompleteArgs":{"TestRunStatistics":{"ExecutedTests":24,"Stats":{"Passed":24}},"IsCanceled":false,"IsAborted":false,"Error":null,"AttachmentSets":[],"InvokedDataCollectors":[],"ElapsedTimeInRunningTests":"00:00:02.0019622","Metrics":{},"DiscoveredExtensions":{"TestDiscoverers":["Xunit.Runner.VisualStudio.VsTestRunner, xunit.runner.visualstudio.dotnetcore.testadapter, Version=2.4.0.0, Culture=neutral, PublicKeyToken=8d05b1bb7a6fdb6c"],"TestExecutors":["executor://xunit/VsTestRunner2/netcoreapp"],"TestExecutors2":[],"TestSettingsProviders":[]}},"LastRunTests":{"NewTestResults":[{"TestCase":{"Id":"c70d3071-5b11-3789-0801-1d44f323a1cb","FullyQualifiedName":"BankSystemApp.UnitTest.Tests.UserAccountRepositoryTest.GetUserAccountDetailsByIdNegativeTest","DisplayName":"BankSystemApp.UnitTest.Tests.UserAccountRepositoryTest.GetUserAccountDetailsByIdNegativeTest","ExecutorUri":"executor://xunit/VsTestRunner2/netcoreapp","Source":"C:\\Study\\Console demo\\BankSystemApp\\BankSystemApp.UnitTest\\BankSystemApp.UnitTest\\bin\\Debug\\net6.0\\fine-code-coverage\\build-output\\BankSystemApp.UnitTest.dll","CodeFilePath":null,"LineNumber":0,"Properties":[]},"Attachments":[],"Outcome":1,"ErrorMessage":null,"ErrorStackTrace":null,"DisplayName":"BankSystemApp.UnitTest.Tests.UserAccountRepositoryTest.GetUserAccountDetailsByIdNegativeTest","Messages":[],"ComputerName":"M5339333","Duration":"00:00:00.0526130","StartTime":"2023-03-05T17:45:35.51219+00:00","EndTime":"2023-03-05T17:45:35.5121903+00:00","Properties":[]},{"TestCase":{"Id":"d1d7d017-f8c3-61dd-6230-88f3a7b803f0","FullyQualifiedName":"BankSystemApp.UnitTest.Tests.UserAccountRepositoryTest.GetUserAccountDetailsByIdTest","DisplayName":"BankSystemApp.UnitTest.Tests.UserAccountRepositoryTest.GetUserAccountDetailsByIdTest","ExecutorUri":"executor://xunit/VsTestRunner2/netcoreapp","Source":"C:\\Study\\Console demo\\BankSystemApp\\BankSystemApp.UnitTest\\BankSystemApp.UnitTest\\bin\\Debug\\net6.0\\fine-code-coverage\\build-output\\BankSystemApp.UnitTest.dll","CodeFilePath":null,"LineNumber":0,"Properties":[]},"Attachments":[],"Outcome":1,"ErrorMessage":null,"ErrorStackTrace":null,"DisplayName":"BankSystemApp.UnitTest.Tests.UserAccountRepositoryTest.GetUserAccountDetailsByIdTest","Messages":[],"ComputerName":"M5339333","Duration":"00:00:00.0038390","StartTime":"2023-03-05T17:45:35.5161053+00:00","EndTime":"2023-03-05T17:45:35.5161054+00:00","Properties":[]},{"TestCase":{"Id":"a396cb00-34d7-e8a0-7448-4456ac192558","FullyQualifiedName":"BankSystemApp.UnitTest.Tests.UserAccountRepositoryTest.DepositTest","DisplayName":"BankSystemApp.UnitTest.Tests.UserAccountRepositoryTest.DepositTest","ExecutorUri":"executor://xunit/VsTestRunner2/netcoreapp","Source":"C:\\Study\\Console demo\\BankSystemApp\\BankSystemApp.UnitTest\\BankSystemApp.UnitTest\\bin\\Debug\\net6.0\\fine-code-coverage\\build-output\\BankSystemApp.UnitTest.dll","CodeFilePath":null,"LineNumber":0,"Properties":[]},"Attachments":[],"Outcome":1,"ErrorMessage":null,"ErrorStackTrace":null,"DisplayName":"BankSystemApp.UnitTest.Tests.UserAccountRepositoryTest.DepositTest","Messages":[],"ComputerName":"M5339333","Duration":"00:00:00.0039458","StartTime":"2023-03-05T17:45:35.5201125+00:00","EndTime":"2023-03-05T17:45:35.5201127+00:00","Properties":[]},{"TestCase":{"Id":"3e28eb90-b64a-5797-5708-b2d89aaaf548","FullyQualifiedName":"BankSystemApp.UnitTest.Tests.UserAccountRepositoryTest.UpdateUserAccountTest","DisplayName":"BankSystemApp.UnitTest.Tests.UserAccountRepositoryTest.UpdateUserAccountTest","ExecutorUri":"executor://xunit/VsTestRunner2/netcoreapp","Source":"C:\\Study\\Console demo\\BankSystemApp\\BankSystemApp.UnitTest\\BankSystemApp.UnitTest\\bin\\Debug\\net6.0\\fine-code-coverage\\build-output\\BankSystemApp.UnitTest.dll","CodeFilePath":null,"LineNumber":0,"Properties":[]},"Attachments":[],"Outcome":1,"ErrorMessage":null,"ErrorStackTrace":null,"DisplayName":"BankSystemApp.UnitTest.Tests.UserAccountRepositoryTest.UpdateUserAccountTest","Messages":[],"ComputerName":"M5339333","Duration":"00:00:00.0020499","StartTime":"2023-03-05T17:45:35.5222077+00:00","EndTime":"2023-03-05T17:45:35.5222078+00:00","Properties":[]},{"TestCase":{"Id":"4906242f-57ca-7ee1-3617-5be9a8fca211","FullyQualifiedName":"BankSystemApp.UnitTest.Tests.UserAccountRepositoryTest.WithdrawTest","DisplayName":"BankSystemApp.UnitTest.Tests.UserAccountRepositoryTest.WithdrawTest","ExecutorUri":"executor://xunit/VsTestRunner2/netcoreapp","Source":"C:\\Study\\Console demo\\BankSystemApp\\BankSystemApp.UnitTest\\BankSystemApp.UnitTest\\bin\\Debug\\net6.0\\fine-code-coverage\\build-output\\BankSystemApp.UnitTest.dll","CodeFilePath":null,"LineNumber":0,"Properties":[]},"Attachments":[],"Outcome":1,"ErrorMessage":null,"ErrorStackTrace":null,"DisplayName":"BankSystemApp.UnitTest.Tests.UserAccountRepositoryTest.WithdrawTest","Messages":[],"ComputerName":"M5339333","Duration":"00:00:00.0021219","StartTime":"2023-03-05T17:45:35.5243742+00:00","EndTime":"2023-03-05T17:45:35.5243742+00:00","Properties":[]},{"TestCase":{"Id":"98661572-f74f-da72-dbdc-ce0f338950b3","FullyQualifiedName":"BankSystemApp.UnitTest.Tests.UserAccountRepositoryTest.CreateUserAccountTest","DisplayName":"BankSystemApp.UnitTest.Tests.UserAccountRepositoryTest.CreateUserAccountTest","ExecutorUri":"executor://xunit/VsTestRunner2/netcoreapp","Source":"C:\\Study\\Console demo\\BankSystemApp\\BankSystemApp.UnitTest\\BankSystemApp.UnitTest\\bin\\Debug\\net6.0\\fine-code-coverage\\build-output\\BankSystemApp.UnitTest.dll","CodeFilePath":null,"LineNumber":0,"Properties":[]},"Attachments":[],"Outcome":1,"ErrorMessage":null,"ErrorStackTrace":null,"DisplayName":"BankSystemApp.UnitTest.Tests.UserAccountRepositoryTest.CreateUserAccountTest","Messages":[],"ComputerName":"M5339333","Duration":"00:00:00.0014492","StartTime":"2023-03-05T17:45:35.5258643+00:00","EndTime":"2023-03-05T17:45:35.5258644+00:00","Properties":[]},{"TestCase":{"Id":"6754c545-6d68-de62-977d-d8855901d615","FullyQualifiedName":"BankSystemApp.UnitTest.Tests.UserAccountRepositoryTest.DeleteUserAccountTest","DisplayName":"BankSystemApp.UnitTest.Tests.UserAccountRepositoryTest.DeleteUserAccountTest","ExecutorUri":"executor://xunit/VsTestRunner2/netcoreapp","Source":"C:\\Study\\Console demo\\BankSystemApp\\BankSystemApp.UnitTest\\BankSystemApp.UnitTest\\bin\\Debug\\net6.0\\fine-code-coverage\\build-output\\BankSystemApp.UnitTest.dll","CodeFilePath":null,"LineNumber":0,"Properties":[]},"Attachments":[],"Outcome":1,"ErrorMessage":null,"ErrorStackTrace":null,"DisplayName":"BankSystemApp.UnitTest.Tests.UserAccountRepositoryTest.DeleteUserAccountTest","Messages":[],"ComputerName":"M5339333","Duration":"00:00:00.0090541","StartTime":"2023-03-05T17:45:35.5349851+00:00","EndTime":"2023-03-05T17:45:35.5349852+00:00","Properties":[]}],"TestRunStatistics":{"ExecutedTests":24,"Stats":{"Passed":24}},"ActiveTests":[]},"RunAttachments":[],"ExecutorUris":["executor://xunit/VsTestRunner2/netcoreapp"]}}
TpTrace Verbose: 0 : 24316, 13, 2023/03/05, 23:15:35.550, 5239162118975, vstest.console.dll, TestRequestSender.EndSession: Sending end session.
TpTrace Verbose: 0 : 24316, 13, 2023/03/05, 23:15:35.550, 5239162120365, vstest.console.dll, ProxyOperationManager.Close: waiting for test host to exit for 100 ms
TpTrace Warning: 0 : 24316, 11, 2023/03/05, 23:15:35.563, 5239162253324, vstest.console.dll, TestHostManagerCallbacks.ErrorReceivedCallback Test host standard error line: 
TpTrace Verbose: 0 : 24316, 11, 2023/03/05, 23:15:35.580, 5239162420168, vstest.console.dll, TestHostProvider.ExitCallBack: Host exited starting callback.
TpTrace Information: 0 : 24316, 11, 2023/03/05, 23:15:35.580, 5239162421810, vstest.console.dll, TestHostManagerCallbacks.ExitCallBack: Testhost processId: 36328 exited with exitcode: 0 error: ''
TpTrace Verbose: 0 : 24316, 11, 2023/03/05, 23:15:35.580, 5239162422245, vstest.console.dll, DotnetTestHostManager.OnHostExited: invoking OnHostExited callback
TpTrace Verbose: 0 : 24316, 11, 2023/03/05, 23:15:35.580, 5239162422561, vstest.console.dll, CrossPlatEngine.TestHostManagerHostExited: calling on client process exit callback.
TpTrace Information: 0 : 24316, 11, 2023/03/05, 23:15:35.580, 5239162422936, vstest.console.dll, TestRequestSender.OnClientProcessExit: Test host process exited. Standard error: 
TpTrace Information: 0 : 24316, 11, 2023/03/05, 23:15:35.580, 5239162423331, vstest.console.dll, SocketServer.Stop: Stop server endPoint: 127.0.0.1:61583
TpTrace Information: 0 : 24316, 11, 2023/03/05, 23:15:35.580, 5239162423616, vstest.console.dll, SocketServer.Stop: Cancellation requested. Stopping message loop.
TpTrace Information: 0 : 24316, 13, 2023/03/05, 23:15:35.580, 5239162423886, vstest.console.dll, SocketServer.Stop: Stop server endPoint: 127.0.0.1:61583
TpTrace Information: 0 : 24316, 13, 2023/03/05, 23:15:35.580, 5239162424319, vstest.console.dll, SocketServer.Stop: Cancellation requested. Stopping message loop.
TpTrace Verbose: 0 : 24316, 11, 2023/03/05, 23:15:35.580, 5239162424600, vstest.console.dll, MulticastDelegateUtilities.SafeInvoke: HostProviderEvents.OnHostExited: Invoking callback 1/1 for Microsoft.VisualStudio.TestPlatform.CrossPlatEngine.Client.ProxyOperationManager., took 0 ms.
TpTrace Information: 0 : 24316, 13, 2023/03/05, 23:15:35.580, 5239162424715, vstest.console.dll, Closing the connection
TpTrace Verbose: 0 : 24316, 13, 2023/03/05, 23:15:35.580, 5239162426782, vstest.console.dll, ProxyDataCollectionManager.InvokeDataCollectionServiceAction: Starting.
TpTrace Information: 0 : 24316, 13, 2023/03/05, 23:15:35.581, 5239162427135, vstest.console.dll, ProxyDataCollectionManager.AfterTestRunEnd: Get attachment set and invoked data collectors processId: 43952 port: 61580
TpTrace Verbose: 0 : 24316, 13, 2023/03/05, 23:15:35.581, 5239162427514, vstest.console.dll, DataCollectionRequestSender.SendAfterTestRunStartAndGetResult: Send AfterTestRunEnd message with isCancelled: False
TpTrace Verbose: 0 : 24316, 13, 2023/03/05, 23:15:35.587, 5239162488106, vstest.console.dll, DataCollectionRequestSender.SendAfterTestRunStartAndGetResult: Received message: (DataCollection.AfterTestRunEndResult) -> {"MessageType":"DataCollection.AfterTestRunEndResult","Payload":{"AttachmentSets":[],"InvokedDataCollectors":[{"Uri":"datacollector://Microsoft/TestPlatform/Extensions/Blame/v1","FriendlyName":"Blame","AssemblyQualifiedName":"Microsoft.TestPlatform.Extensions.BlameDataCollector.BlameCollector, Microsoft.TestPlatform.Extensions.BlameDataCollector, Version=15.0.0.0, Culture=neutral, PublicKeyToken=b03f5f7f11d50a3a","FilePath":"C:\\Program Files\\dotnet\\sdk\\7.0.101\\Extensions\\Microsoft.TestPlatform.Extensions.BlameDataCollector.dll","HasAttachmentProcessor":false}],"Metrics":{}}}
TpTrace Information: 0 : 24316, 13, 2023/03/05, 23:15:35.591, 5239162527252, vstest.console.dll, ProxyDataCollectionManager.InvokeDataCollectionServiceAction: Completed.
TpTrace Warning: 0 : 24316, 9, 2023/03/05, 23:15:35.596, 5239162582526, vstest.console.dll, DataCollectionLauncher.ErrorReceivedCallback datacollector standard error line: 
TpTrace Information: 0 : 24316, 9, 2023/03/05, 23:15:35.598, 5239162604322, vstest.console.dll, DataCollectionLauncher.ExitCallBack: Data collector exited with exitcode: 0 error: ''
TpTrace Verbose: 0 : 24316, 13, 2023/03/05, 23:15:35.620, 5239162818366, vstest.console.dll, TestRunRequest:SendTestRunStatsChange: Starting.
TpTrace Verbose: 0 : 24316, 13, 2023/03/05, 23:15:35.620, 5239162819258, vstest.console.dll, MulticastDelegateUtilities.SafeInvoke: TestRun.RunStatsChanged: Invoking callbacks was skipped because there are no subscribers.
TpTrace Information: 0 : 24316, 13, 2023/03/05, 23:15:35.620, 5239162819479, vstest.console.dll, TestRunRequest:SendTestRunStatsChange: Completed.
TpTrace Verbose: 0 : 24316, 4, 2023/03/05, 23:15:35.620, 5239162819972, vstest.console.dll, MulticastDelegateUtilities.SafeInvoke: InternalTestLoggerEvents.SendTestResult: Invoking callback 1/1 for Microsoft.VisualStudio.TestPlatform.CommandLine.Internal.ConsoleLogger., took 0 ms.
TpTrace Verbose: 0 : 24316, 4, 2023/03/05, 23:15:35.620, 5239162820601, vstest.console.dll, MulticastDelegateUtilities.SafeInvoke: InternalTestLoggerEvents.SendTestResult: Invoking callback 1/1 for Microsoft.VisualStudio.TestPlatform.CommandLine.Internal.ConsoleLogger., took 0 ms.
TpTrace Verbose: 0 : 24316, 4, 2023/03/05, 23:15:35.620, 5239162821027, vstest.console.dll, MulticastDelegateUtilities.SafeInvoke: InternalTestLoggerEvents.SendTestResult: Invoking callback 1/1 for Microsoft.VisualStudio.TestPlatform.CommandLine.Internal.ConsoleLogger., took 0 ms.
TpTrace Verbose: 0 : 24316, 4, 2023/03/05, 23:15:35.620, 5239162821450, vstest.console.dll, MulticastDelegateUtilities.SafeInvoke: InternalTestLoggerEvents.SendTestResult: Invoking callback 1/1 for Microsoft.VisualStudio.TestPlatform.CommandLine.Internal.ConsoleLogger., took 0 ms.
TpTrace Verbose: 0 : 24316, 4, 2023/03/05, 23:15:35.620, 5239162821744, vstest.console.dll, MulticastDelegateUtilities.SafeInvoke: InternalTestLoggerEvents.SendTestResult: Invoking callback 1/1 for Microsoft.VisualStudio.TestPlatform.CommandLine.Internal.ConsoleLogger., took 0 ms.
TpTrace Verbose: 0 : 24316, 4, 2023/03/05, 23:15:35.620, 5239162822112, vstest.console.dll, MulticastDelegateUtilities.SafeInvoke: InternalTestLoggerEvents.SendTestResult: Invoking callback 1/1 for Microsoft.VisualStudio.TestPlatform.CommandLine.Internal.ConsoleLogger., took 0 ms.
TpTrace Verbose: 0 : 24316, 4, 2023/03/05, 23:15:35.620, 5239162822531, vstest.console.dll, MulticastDelegateUtilities.SafeInvoke: InternalTestLoggerEvents.SendTestResult: Invoking callback 1/1 for Microsoft.VisualStudio.TestPlatform.CommandLine.Internal.ConsoleLogger., took 0 ms.
TpTrace Verbose: 0 : 24316, 13, 2023/03/05, 23:15:35.620, 5239162823227, vstest.console.dll, ParallelProxyExecutionManager: HandlePartialRunComplete: Total completed clients = 1, Run complete = True, Run canceled: False.
TpTrace Verbose: 0 : 24316, 4, 2023/03/05, 23:15:35.627, 5239162891758, vstest.console.dll, MulticastDelegateUtilities.SafeInvoke: InternalTestLoggerEvents.SendTestRunComplete: Invoking callback 1/2 for Microsoft.TestPlatform.Extensions.BlameDataCollector.BlameLogger., took 0 ms.
TpTrace Verbose: 0 : 24316, 4, 2023/03/05, 23:15:35.631, 5239162935452, vstest.console.dll, MulticastDelegateUtilities.SafeInvoke: InternalTestLoggerEvents.SendTestRunComplete: Invoking callback 2/2 for Microsoft.VisualStudio.TestPlatform.CommandLine.Internal.ConsoleLogger., took 4 ms.
TpTrace Verbose: 0 : 24316, 13, 2023/03/05, 23:15:35.632, 5239162939934, vstest.console.dll, TestRunRequest:TestRunComplete: Starting. IsAborted:False IsCanceled:False.
TpTrace Verbose: 0 : 24316, 13, 2023/03/05, 23:15:35.633, 5239162949509, vstest.console.dll, TestLoggerManager.HandleTestRunComplete: Ignoring as the object is disposed.
TpTrace Verbose: 0 : 24316, 13, 2023/03/05, 23:15:35.633, 5239162950916, vstest.console.dll, MulticastDelegateUtilities.SafeInvoke: TestRun.TestRunComplete: Invoking callback 1/2 for Microsoft.VisualStudio.TestPlatform.CommandLine.TestRunResultAggregator., took 0 ms.
TpTrace Verbose: 0 : 24316, 13, 2023/03/05, 23:15:35.633, 5239162952088, vstest.console.dll, MulticastDelegateUtilities.SafeInvoke: TestRun.TestRunComplete: Invoking callback 2/2 for Microsoft.VisualStudio.TestPlatform.CommandLine.Processors.RunTestsArgumentExecutor+TestRunRequestEventsRegistrar., took 0 ms.
TpTrace Information: 0 : 24316, 13, 2023/03/05, 23:15:35.633, 5239162952766, vstest.console.dll, TestRunRequest:TestRunComplete: Completed.
TpTrace Verbose: 0 : 24316, 13, 2023/03/05, 23:15:35.633, 5239162953041, vstest.console.dll, TestRequestSender.SetOperationComplete: Setting operation complete.
TpTrace Information: 0 : 24316, 13, 2023/03/05, 23:15:35.633, 5239162953240, vstest.console.dll, SocketServer.Stop: Stop server endPoint: 127.0.0.1:61583
TpTrace Information: 0 : 24316, 13, 2023/03/05, 23:15:35.633, 5239162953521, vstest.console.dll, SocketServer.Stop: Cancellation requested. Stopping message loop.
TpTrace Verbose: 0 : 24316, 1, 2023/03/05, 23:15:35.633, 5239162953682, vstest.console.dll, TestRunRequest.Dispose: Starting.
TpTrace Verbose: 0 : 24316, 13, 2023/03/05, 23:15:35.633, 5239162953804, vstest.console.dll, MulticastDelegateUtilities.SafeInvoke: LengthPrefixCommunicationChannel: MessageReceived: Invoking callback 1/1 for Microsoft.VisualStudio.TestPlatform.CommunicationUtilities.TestRequestSender+<>c__DisplayClass31_0., took 83 ms.
TpTrace Information: 0 : 24316, 1, 2023/03/05, 23:15:35.633, 5239162954241, vstest.console.dll, TestRunRequest.Dispose: Completed.
TpTrace Information: 0 : 24316, 13, 2023/03/05, 23:15:35.633, 5239162954539, vstest.console.dll, SocketServer.PrivateStop: Stopping server endPoint: 127.0.0.1:61583 error: 
TpTrace Information: 0 : 24316, 1, 2023/03/05, 23:15:35.633, 5239162954911, vstest.console.dll, TestRequestManager.RunTests: run tests completed.
TpTrace Information: 0 : 24316, 1, 2023/03/05, 23:15:35.633, 5239162956801, vstest.console.dll, RunTestsArgumentProcessor:Execute: Test run is completed.
TpTrace Verbose: 0 : 24316, 13, 2023/03/05, 23:15:35.634, 5239162957724, vstest.console.dll, LengthPrefixCommunicationChannel.Dispose: Dispose reader and writer.
TpTrace Information: 0 : 24316, 13, 2023/03/05, 23:15:35.634, 5239162958219, vstest.console.dll, SocketServer.Stop: Raise disconnected event endPoint: 127.0.0.1:61583 error: 
TpTrace Verbose: 0 : 24316, 1, 2023/03/05, 23:15:35.634, 5239162958323, vstest.console.dll, Executor.Execute: Exiting with exit code of 0
TpTrace Verbose: 0 : 24316, 13, 2023/03/05, 23:15:35.634, 5239162958810, vstest.console.dll, TestRequestSender: OnTestRunAbort: Operation is already complete. Skip error message.
TpTrace Verbose: 0 : 24316, 13, 2023/03/05, 23:15:35.634, 5239162959130, vstest.console.dll, MulticastDelegateUtilities.SafeInvoke: SocketServer: ClientDisconnected: Invoking callback 1/1 for Microsoft.VisualStudio.TestPlatform.CommunicationUtilities.TestRequestSender., took 0 ms.
TpTrace Verbose: 0 : 24316, 13, 2023/03/05, 23:15:35.634, 5239162959326, vstest.console.dll, TcpClientExtensions.MessageLoopAsync: exiting MessageLoopAsync remoteEndPoint: 127.0.0.1:61586 localEndPoint: 127.0.0.1:61583
